<?xml version="1.0" encoding="UTF-8"?>
<!-- Generated by org.testng.reporters.JUnitXMLReporter -->
<testsuite hostname="DESKTOP-1J8QQ19" ignored="0" name="Default test" tests="1" failures="1" timestamp="23 Dec 2018 11:38:42 GMT" time="2.243" errors="0">
  <testcase name="test_numberOFCircutitsFor2017_Season" time="2.184" classname="com.qa.rest.tests.GetCallBDD">
    <failure type="java.lang.StackOverflowError">
      <![CDATA[java.lang.StackOverflowError
at com.qa.rest.tests.GetCallBDD.hasSize(GetCallBDD.java:36)
at com.qa.rest.tests.GetCallBDD.hasSize(GetCallBDD.java:36)
at com.qa.rest.tests.GetCallBDD.hasSize(GetCallBDD.java:36)
at com.qa.rest.tests.GetCallBDD.hasSize(GetCallBDD.java:36)
at com.qa.rest.tests.GetCallBDD.hasSize(GetCallBDD.java:36)
at com.qa.rest.tests.GetCallBDD.hasSize(GetCallBDD.java:36)
at com.qa.rest.tests.GetCallBDD.hasSize(GetCallBDD.java:36)
at com.qa.rest.tests.GetCallBDD.hasSize(GetCallBDD.java:36)
at com.qa.rest.tests.GetCallBDD.hasSize(GetCallBDD.java:36)
at com.qa.rest.tests.GetCallBDD.hasSize(GetCallBDD.java:36)
at com.qa.rest.tests.GetCallBDD.hasSize(GetCallBDD.java:36)
at com.qa.rest.tests.GetCallBDD.hasSize(GetCallBDD.java:36)
at com.qa.rest.tests.GetCallBDD.hasSize(GetCallBDD.java:36)
at com.qa.rest.tests.GetCallBDD.hasSize(GetCallBDD.java:36)
at com.qa.rest.tests.GetCallBDD.hasSize(GetCallBDD.java:36)
at com.qa.rest.tests.GetCallBDD.hasSize(GetCallBDD.java:36)
at com.qa.rest.tests.GetCallBDD.hasSize(GetCallBDD.java:36)
at com.qa.rest.tests.GetCallBDD.hasSize(GetCallBDD.java:36)
at com.qa.rest.tests.GetCallBDD.hasSize(GetCallBDD.java:36)
at com.qa.rest.tests.GetCallBDD.hasSize(GetCallBDD.java:36)
at com.qa.rest.tests.GetCallBDD.hasSize(GetCallBDD.java:36)
at com.qa.rest.tests.GetCallBDD.hasSize(GetCallBDD.java:36)
at com.qa.rest.tests.GetCallBDD.hasSize(GetCallBDD.java:36)
at com.qa.rest.tests.GetCallBDD.hasSize(GetCallBDD.java:36)
at com.qa.rest.tests.GetCallBDD.hasSize(GetCallBDD.java:36)
at com.qa.rest.tests.GetCallBDD.hasSize(GetCallBDD.java:36)
at com.qa.rest.tests.GetCallBDD.hasSize(GetCallBDD.java:36)
at com.qa.rest.tests.GetCallBDD.hasSize(GetCallBDD.java:36)
at com.qa.rest.tests.GetCallBDD.hasSize(GetCallBDD.java:36)
at com.qa.rest.tests.GetCallBDD.hasSize(GetCallBDD.java:36)
at com.qa.rest.tests.GetCallBDD.hasSize(GetCallBDD.java:36)
at com.qa.rest.tests.GetCallBDD.hasSize(GetCallBDD.java:36)
at com.qa.rest.tests.GetCallBDD.hasSize(GetCallBDD.java:36)
at com.qa.rest.tests.GetCallBDD.hasSize(GetCallBDD.java:36)
at com.qa.rest.tests.GetCallBDD.hasSize(GetCallBDD.java:36)
at com.qa.rest.tests.GetCallBDD.hasSize(GetCallBDD.java:36)
at com.qa.rest.tests.GetCallBDD.hasSize(GetCallBDD.java:36)
at com.qa.rest.tests.GetCallBDD.hasSize(GetCallBDD.java:36)
at com.qa.rest.tests.GetCallBDD.hasSize(GetCallBDD.java:36)
at com.qa.rest.tests.GetCallBDD.hasSize(GetCallBDD.java:36)
at com.qa.rest.tests.GetCallBDD.hasSize(GetCallBDD.java:36)
at com.qa.rest.tests.GetCallBDD.hasSize(GetCallBDD.java:36)
at com.qa.rest.tests.GetCallBDD.hasSize(GetCallBDD.java:36)
at com.qa.rest.tests.GetCallBDD.hasSize(GetCallBDD.java:36)
at com.qa.rest.tests.GetCallBDD.hasSize(GetCallBDD.java:36)
at com.qa.rest.tests.GetCallBDD.hasSize(GetCallBDD.java:36)
at com.qa.rest.tests.GetCallBDD.hasSize(GetCallBDD.java:36)
at com.qa.rest.tests.GetCallBDD.hasSize(GetCallBDD.java:36)
at com.qa.rest.tests.GetCallBDD.hasSize(GetCallBDD.java:36)
at com.qa.rest.tests.GetCallBDD.hasSize(GetCallBDD.java:36)
at com.qa.rest.tests.GetCallBDD.hasSize(GetCallBDD.java:36)
at com.qa.rest.tests.GetCallBDD.hasSize(GetCallBDD.java:36)
at com.qa.rest.tests.GetCallBDD.hasSize(GetCallBDD.java:36)
at com.qa.rest.tests.GetCallBDD.hasSize(GetCallBDD.java:36)
at com.qa.rest.tests.GetCallBDD.hasSize(GetCallBDD.java:36)
at com.qa.rest.tests.GetCallBDD.hasSize(GetCallBDD.java:36)
at com.qa.rest.tests.GetCallBDD.hasSize(GetCallBDD.java:36)
at com.qa.rest.tests.GetCallBDD.hasSize(GetCallBDD.java:36)
at com.qa.rest.tests.GetCallBDD.hasSize(GetCallBDD.java:36)
at com.qa.rest.tests.GetCallBDD.hasSize(GetCallBDD.java:36)
at com.qa.rest.tests.GetCallBDD.hasSize(GetCallBDD.java:36)
at com.qa.rest.tests.GetCallBDD.hasSize(GetCallBDD.java:36)
at com.qa.rest.tests.GetCallBDD.hasSize(GetCallBDD.java:36)
at com.qa.rest.tests.GetCallBDD.hasSize(GetCallBDD.java:36)
at com.qa.rest.tests.GetCallBDD.hasSize(GetCallBDD.java:36)
at com.qa.rest.tests.GetCallBDD.hasSize(GetCallBDD.java:36)
at com.qa.rest.tests.GetCallBDD.hasSize(GetCallBDD.java:36)
at com.qa.rest.tests.GetCallBDD.hasSize(GetCallBDD.java:36)
at com.qa.rest.tests.GetCallBDD.hasSize(GetCallBDD.java:36)
at com.qa.rest.tests.GetCallBDD.hasSize(GetCallBDD.java:36)
at com.qa.rest.tests.GetCallBDD.hasSize(GetCallBDD.java:36)
at com.qa.rest.tests.GetCallBDD.hasSize(GetCallBDD.java:36)
at com.qa.rest.tests.GetCallBDD.hasSize(GetCallBDD.java:36)
at com.qa.rest.tests.GetCallBDD.hasSize(GetCallBDD.java:36)
at com.qa.rest.tests.GetCallBDD.hasSize(GetCallBDD.java:36)
at com.qa.rest.tests.GetCallBDD.hasSize(GetCallBDD.java:36)
at com.qa.rest.tests.GetCallBDD.hasSize(GetCallBDD.java:36)
at com.qa.rest.tests.GetCallBDD.hasSize(GetCallBDD.java:36)
at com.qa.rest.tests.GetCallBDD.hasSize(GetCallBDD.java:36)
at com.qa.rest.tests.GetCallBDD.hasSize(GetCallBDD.java:36)
at com.qa.rest.tests.GetCallBDD.hasSize(GetCallBDD.java:36)
at com.qa.rest.tests.GetCallBDD.hasSize(GetCallBDD.java:36)
at com.qa.rest.tests.GetCallBDD.hasSize(GetCallBDD.java:36)
at com.qa.rest.tests.GetCallBDD.hasSize(GetCallBDD.java:36)
at com.qa.rest.tests.GetCallBDD.hasSize(GetCallBDD.java:36)
at com.qa.rest.tests.GetCallBDD.hasSize(GetCallBDD.java:36)
at com.qa.rest.tests.GetCallBDD.hasSize(GetCallBDD.java:36)
at com.qa.rest.tests.GetCallBDD.hasSize(GetCallBDD.java:36)
at com.qa.rest.tests.GetCallBDD.hasSize(GetCallBDD.java:36)
at com.qa.rest.tests.GetCallBDD.hasSize(GetCallBDD.java:36)
at com.qa.rest.tests.GetCallBDD.hasSize(GetCallBDD.java:36)
at com.qa.rest.tests.GetCallBDD.hasSize(GetCallBDD.java:36)
at com.qa.rest.tests.GetCallBDD.hasSize(GetCallBDD.java:36)
at com.qa.rest.tests.GetCallBDD.hasSize(GetCallBDD.java:36)
at com.qa.rest.tests.GetCallBDD.hasSize(GetCallBDD.java:36)
at com.qa.rest.tests.GetCallBDD.hasSize(GetCallBDD.java:36)
at com.qa.rest.tests.GetCallBDD.hasSize(GetCallBDD.java:36)
at com.qa.rest.tests.GetCallBDD.hasSize(GetCallBDD.java:36)
at com.qa.rest.tests.GetCallBDD.hasSize(GetCallBDD.java:36)
at com.qa.rest.tests.GetCallBDD.hasSize(GetCallBDD.java:36)
at com.qa.rest.tests.GetCallBDD.hasSize(GetCallBDD.java:36)
at com.qa.rest.tests.GetCallBDD.hasSize(GetCallBDD.java:36)
at com.qa.rest.tests.GetCallBDD.hasSize(GetCallBDD.java:36)
at com.qa.rest.tests.GetCallBDD.hasSize(GetCallBDD.java:36)
at com.qa.rest.tests.GetCallBDD.hasSize(GetCallBDD.java:36)
at com.qa.rest.tests.GetCallBDD.hasSize(GetCallBDD.java:36)
at com.qa.rest.tests.GetCallBDD.hasSize(GetCallBDD.java:36)
at com.qa.rest.tests.GetCallBDD.hasSize(GetCallBDD.java:36)
at com.qa.rest.tests.GetCallBDD.hasSize(GetCallBDD.java:36)
at com.qa.rest.tests.GetCallBDD.hasSize(GetCallBDD.java:36)
at com.qa.rest.tests.GetCallBDD.hasSize(GetCallBDD.java:36)
at com.qa.rest.tests.GetCallBDD.hasSize(GetCallBDD.java:36)
at com.qa.rest.tests.GetCallBDD.hasSize(GetCallBDD.java:36)
at com.qa.rest.tests.GetCallBDD.hasSize(GetCallBDD.java:36)
at com.qa.rest.tests.GetCallBDD.hasSize(GetCallBDD.java:36)
at com.qa.rest.tests.GetCallBDD.hasSize(GetCallBDD.java:36)
at com.qa.rest.tests.GetCallBDD.hasSize(GetCallBDD.java:36)
at com.qa.rest.tests.GetCallBDD.hasSize(GetCallBDD.java:36)
at com.qa.rest.tests.GetCallBDD.hasSize(GetCallBDD.java:36)
at com.qa.rest.tests.GetCallBDD.hasSize(GetCallBDD.java:36)
at com.qa.rest.tests.GetCallBDD.hasSize(GetCallBDD.java:36)
at com.qa.rest.tests.GetCallBDD.hasSize(GetCallBDD.java:36)
at com.qa.rest.tests.GetCallBDD.hasSize(GetCallBDD.java:36)
at com.qa.rest.tests.GetCallBDD.hasSize(GetCallBDD.java:36)
at com.qa.rest.tests.GetCallBDD.hasSize(GetCallBDD.java:36)
at com.qa.rest.tests.GetCallBDD.hasSize(GetCallBDD.java:36)
at com.qa.rest.tests.GetCallBDD.hasSize(GetCallBDD.java:36)
at com.qa.rest.tests.GetCallBDD.hasSize(GetCallBDD.java:36)
at com.qa.rest.tests.GetCallBDD.hasSize(GetCallBDD.java:36)
at com.qa.rest.tests.GetCallBDD.hasSize(GetCallBDD.java:36)
at com.qa.rest.tests.GetCallBDD.hasSize(GetCallBDD.java:36)
at com.qa.rest.tests.GetCallBDD.hasSize(GetCallBDD.java:36)
at com.qa.rest.tests.GetCallBDD.hasSize(GetCallBDD.java:36)
at com.qa.rest.tests.GetCallBDD.hasSize(GetCallBDD.java:36)
at com.qa.rest.tests.GetCallBDD.hasSize(GetCallBDD.java:36)
at com.qa.rest.tests.GetCallBDD.hasSize(GetCallBDD.java:36)
at com.qa.rest.tests.GetCallBDD.hasSize(GetCallBDD.java:36)
at com.qa.rest.tests.GetCallBDD.hasSize(GetCallBDD.java:36)
at com.qa.rest.tests.GetCallBDD.hasSize(GetCallBDD.java:36)
at com.qa.rest.tests.GetCallBDD.hasSize(GetCallBDD.java:36)
at com.qa.rest.tests.GetCallBDD.hasSize(GetCallBDD.java:36)
at com.qa.rest.tests.GetCallBDD.hasSize(GetCallBDD.java:36)
at com.qa.rest.tests.GetCallBDD.hasSize(GetCallBDD.java:36)
at com.qa.rest.tests.GetCallBDD.hasSize(GetCallBDD.java:36)
at com.qa.rest.tests.GetCallBDD.hasSize(GetCallBDD.java:36)
at com.qa.rest.tests.GetCallBDD.hasSize(GetCallBDD.java:36)
at com.qa.rest.tests.GetCallBDD.hasSize(GetCallBDD.java:36)
at com.qa.rest.tests.GetCallBDD.hasSize(GetCallBDD.java:36)
at com.qa.rest.tests.GetCallBDD.hasSize(GetCallBDD.java:36)
at com.qa.rest.tests.GetCallBDD.hasSize(GetCallBDD.java:36)
at com.qa.rest.tests.GetCallBDD.hasSize(GetCallBDD.java:36)
at com.qa.rest.tests.GetCallBDD.hasSize(GetCallBDD.java:36)
at com.qa.rest.tests.GetCallBDD.hasSize(GetCallBDD.java:36)
at com.qa.rest.tests.GetCallBDD.hasSize(GetCallBDD.java:36)
at com.qa.rest.tests.GetCallBDD.hasSize(GetCallBDD.java:36)
at com.qa.rest.tests.GetCallBDD.hasSize(GetCallBDD.java:36)
at com.qa.rest.tests.GetCallBDD.hasSize(GetCallBDD.java:36)
at com.qa.rest.tests.GetCallBDD.hasSize(GetCallBDD.java:36)
at com.qa.rest.tests.GetCallBDD.hasSize(GetCallBDD.java:36)
at com.qa.rest.tests.GetCallBDD.hasSize(GetCallBDD.java:36)
at com.qa.rest.tests.GetCallBDD.hasSize(GetCallBDD.java:36)
at com.qa.rest.tests.GetCallBDD.hasSize(GetCallBDD.java:36)
at com.qa.rest.tests.GetCallBDD.hasSize(GetCallBDD.java:36)
at com.qa.rest.tests.GetCallBDD.hasSize(GetCallBDD.java:36)
at com.qa.rest.tests.GetCallBDD.hasSize(GetCallBDD.java:36)
at com.qa.rest.tests.GetCallBDD.hasSize(GetCallBDD.java:36)
at com.qa.rest.tests.GetCallBDD.hasSize(GetCallBDD.java:36)
at com.qa.rest.tests.GetCallBDD.hasSize(GetCallBDD.java:36)
at com.qa.rest.tests.GetCallBDD.hasSize(GetCallBDD.java:36)
at com.qa.rest.tests.GetCallBDD.hasSize(GetCallBDD.java:36)
at com.qa.rest.tests.GetCallBDD.hasSize(GetCallBDD.java:36)
at com.qa.rest.tests.GetCallBDD.hasSize(GetCallBDD.java:36)
at com.qa.rest.tests.GetCallBDD.hasSize(GetCallBDD.java:36)
at com.qa.rest.tests.GetCallBDD.hasSize(GetCallBDD.java:36)
at com.qa.rest.tests.GetCallBDD.hasSize(GetCallBDD.java:36)
at com.qa.rest.tests.GetCallBDD.hasSize(GetCallBDD.java:36)
at com.qa.rest.tests.GetCallBDD.hasSize(GetCallBDD.java:36)
at com.qa.rest.tests.GetCallBDD.hasSize(GetCallBDD.java:36)
at com.qa.rest.tests.GetCallBDD.hasSize(GetCallBDD.java:36)
at com.qa.rest.tests.GetCallBDD.hasSize(GetCallBDD.java:36)
at com.qa.rest.tests.GetCallBDD.hasSize(GetCallBDD.java:36)
at com.qa.rest.tests.GetCallBDD.hasSize(GetCallBDD.java:36)
at com.qa.rest.tests.GetCallBDD.hasSize(GetCallBDD.java:36)
at com.qa.rest.tests.GetCallBDD.hasSize(GetCallBDD.java:36)
at com.qa.rest.tests.GetCallBDD.hasSize(GetCallBDD.java:36)
at com.qa.rest.tests.GetCallBDD.hasSize(GetCallBDD.java:36)
at com.qa.rest.tests.GetCallBDD.hasSize(GetCallBDD.java:36)
at com.qa.rest.tests.GetCallBDD.hasSize(GetCallBDD.java:36)
at com.qa.rest.tests.GetCallBDD.hasSize(GetCallBDD.java:36)
at com.qa.rest.tests.GetCallBDD.hasSize(GetCallBDD.java:36)
at com.qa.rest.tests.GetCallBDD.hasSize(GetCallBDD.java:36)
at com.qa.rest.tests.GetCallBDD.hasSize(GetCallBDD.java:36)
at com.qa.rest.tests.GetCallBDD.hasSize(GetCallBDD.java:36)
at com.qa.rest.tests.GetCallBDD.hasSize(GetCallBDD.java:36)
at com.qa.rest.tests.GetCallBDD.hasSize(GetCallBDD.java:36)
at com.qa.rest.tests.GetCallBDD.hasSize(GetCallBDD.java:36)
at com.qa.rest.tests.GetCallBDD.hasSize(GetCallBDD.java:36)
at com.qa.rest.tests.GetCallBDD.hasSize(GetCallBDD.java:36)
at com.qa.rest.tests.GetCallBDD.hasSize(GetCallBDD.java:36)
at com.qa.rest.tests.GetCallBDD.hasSize(GetCallBDD.java:36)
at com.qa.rest.tests.GetCallBDD.hasSize(GetCallBDD.java:36)
at com.qa.rest.tests.GetCallBDD.hasSize(GetCallBDD.java:36)
at com.qa.rest.tests.GetCallBDD.hasSize(GetCallBDD.java:36)
at com.qa.rest.tests.GetCallBDD.hasSize(GetCallBDD.java:36)
at com.qa.rest.tests.GetCallBDD.hasSize(GetCallBDD.java:36)
at com.qa.rest.tests.GetCallBDD.hasSize(GetCallBDD.java:36)
at com.qa.rest.tests.GetCallBDD.hasSize(GetCallBDD.java:36)
at com.qa.rest.tests.GetCallBDD.hasSize(GetCallBDD.java:36)
at com.qa.rest.tests.GetCallBDD.hasSize(GetCallBDD.java:36)
at com.qa.rest.tests.GetCallBDD.hasSize(GetCallBDD.java:36)
at com.qa.rest.tests.GetCallBDD.hasSize(GetCallBDD.java:36)
at com.qa.rest.tests.GetCallBDD.hasSize(GetCallBDD.java:36)
at com.qa.rest.tests.GetCallBDD.hasSize(GetCallBDD.java:36)
at com.qa.rest.tests.GetCallBDD.hasSize(GetCallBDD.java:36)
at com.qa.rest.tests.GetCallBDD.hasSize(GetCallBDD.java:36)
at com.qa.rest.tests.GetCallBDD.hasSize(GetCallBDD.java:36)
at com.qa.rest.tests.GetCallBDD.hasSize(GetCallBDD.java:36)
at com.qa.rest.tests.GetCallBDD.hasSize(GetCallBDD.java:36)
at com.qa.rest.tests.GetCallBDD.hasSize(GetCallBDD.java:36)
at com.qa.rest.tests.GetCallBDD.hasSize(GetCallBDD.java:36)
at com.qa.rest.tests.GetCallBDD.hasSize(GetCallBDD.java:36)
at com.qa.rest.tests.GetCallBDD.hasSize(GetCallBDD.java:36)
at com.qa.rest.tests.GetCallBDD.hasSize(GetCallBDD.java:36)
at com.qa.rest.tests.GetCallBDD.hasSize(GetCallBDD.java:36)
at com.qa.rest.tests.GetCallBDD.hasSize(GetCallBDD.java:36)
at com.qa.rest.tests.GetCallBDD.hasSize(GetCallBDD.java:36)
at com.qa.rest.tests.GetCallBDD.hasSize(GetCallBDD.java:36)
at com.qa.rest.tests.GetCallBDD.hasSize(GetCallBDD.java:36)
at com.qa.rest.tests.GetCallBDD.hasSize(GetCallBDD.java:36)
at com.qa.rest.tests.GetCallBDD.hasSize(GetCallBDD.java:36)
at com.qa.rest.tests.GetCallBDD.hasSize(GetCallBDD.java:36)
at com.qa.rest.tests.GetCallBDD.hasSize(GetCallBDD.java:36)
at com.qa.rest.tests.GetCallBDD.hasSize(GetCallBDD.java:36)
at com.qa.rest.tests.GetCallBDD.hasSize(GetCallBDD.java:36)
at com.qa.rest.tests.GetCallBDD.hasSize(GetCallBDD.java:36)
at com.qa.rest.tests.GetCallBDD.hasSize(GetCallBDD.java:36)
at com.qa.rest.tests.GetCallBDD.hasSize(GetCallBDD.java:36)
at com.qa.rest.tests.GetCallBDD.hasSize(GetCallBDD.java:36)
at com.qa.rest.tests.GetCallBDD.hasSize(GetCallBDD.java:36)
at com.qa.rest.tests.GetCallBDD.hasSize(GetCallBDD.java:36)
at com.qa.rest.tests.GetCallBDD.hasSize(GetCallBDD.java:36)
at com.qa.rest.tests.GetCallBDD.hasSize(GetCallBDD.java:36)
at com.qa.rest.tests.GetCallBDD.hasSize(GetCallBDD.java:36)
at com.qa.rest.tests.GetCallBDD.hasSize(GetCallBDD.java:36)
at com.qa.rest.tests.GetCallBDD.hasSize(GetCallBDD.java:36)
at com.qa.rest.tests.GetCallBDD.hasSize(GetCallBDD.java:36)
at com.qa.rest.tests.GetCallBDD.hasSize(GetCallBDD.java:36)
at com.qa.rest.tests.GetCallBDD.hasSize(GetCallBDD.java:36)
at com.qa.rest.tests.GetCallBDD.hasSize(GetCallBDD.java:36)
at com.qa.rest.tests.GetCallBDD.hasSize(GetCallBDD.java:36)
at com.qa.rest.tests.GetCallBDD.hasSize(GetCallBDD.java:36)
at com.qa.rest.tests.GetCallBDD.hasSize(GetCallBDD.java:36)
at com.qa.rest.tests.GetCallBDD.hasSize(GetCallBDD.java:36)
at com.qa.rest.tests.GetCallBDD.hasSize(GetCallBDD.java:36)
at com.qa.rest.tests.GetCallBDD.hasSize(GetCallBDD.java:36)
at com.qa.rest.tests.GetCallBDD.hasSize(GetCallBDD.java:36)
at com.qa.rest.tests.GetCallBDD.hasSize(GetCallBDD.java:36)
at com.qa.rest.tests.GetCallBDD.hasSize(GetCallBDD.java:36)
at com.qa.rest.tests.GetCallBDD.hasSize(GetCallBDD.java:36)
at com.qa.rest.tests.GetCallBDD.hasSize(GetCallBDD.java:36)
at com.qa.rest.tests.GetCallBDD.hasSize(GetCallBDD.java:36)
at com.qa.rest.tests.GetCallBDD.hasSize(GetCallBDD.java:36)
at com.qa.rest.tests.GetCallBDD.hasSize(GetCallBDD.java:36)
at com.qa.rest.tests.GetCallBDD.hasSize(GetCallBDD.java:36)
at com.qa.rest.tests.GetCallBDD.hasSize(GetCallBDD.java:36)
at com.qa.rest.tests.GetCallBDD.hasSize(GetCallBDD.java:36)
at com.qa.rest.tests.GetCallBDD.hasSize(GetCallBDD.java:36)
at com.qa.rest.tests.GetCallBDD.hasSize(GetCallBDD.java:36)
at com.qa.rest.tests.GetCallBDD.hasSize(GetCallBDD.java:36)
at com.qa.rest.tests.GetCallBDD.hasSize(GetCallBDD.java:36)
at com.qa.rest.tests.GetCallBDD.hasSize(GetCallBDD.java:36)
at com.qa.rest.tests.GetCallBDD.hasSize(GetCallBDD.java:36)
at com.qa.rest.tests.GetCallBDD.hasSize(GetCallBDD.java:36)
at com.qa.rest.tests.GetCallBDD.hasSize(GetCallBDD.java:36)
at com.qa.rest.tests.GetCallBDD.hasSize(GetCallBDD.java:36)
at com.qa.rest.tests.GetCallBDD.hasSize(GetCallBDD.java:36)
at com.qa.rest.tests.GetCallBDD.hasSize(GetCallBDD.java:36)
at com.qa.rest.tests.GetCallBDD.hasSize(GetCallBDD.java:36)
at com.qa.rest.tests.GetCallBDD.hasSize(GetCallBDD.java:36)
at com.qa.rest.tests.GetCallBDD.hasSize(GetCallBDD.java:36)
at com.qa.rest.tests.GetCallBDD.hasSize(GetCallBDD.java:36)
at com.qa.rest.tests.GetCallBDD.hasSize(GetCallBDD.java:36)
at com.qa.rest.tests.GetCallBDD.hasSize(GetCallBDD.java:36)
at com.qa.rest.tests.GetCallBDD.hasSize(GetCallBDD.java:36)
at com.qa.rest.tests.GetCallBDD.hasSize(GetCallBDD.java:36)
at com.qa.rest.tests.GetCallBDD.hasSize(GetCallBDD.java:36)
at com.qa.rest.tests.GetCallBDD.hasSize(GetCallBDD.java:36)
at com.qa.rest.tests.GetCallBDD.hasSize(GetCallBDD.java:36)
at com.qa.rest.tests.GetCallBDD.hasSize(GetCallBDD.java:36)
at com.qa.rest.tests.GetCallBDD.hasSize(GetCallBDD.java:36)
at com.qa.rest.tests.GetCallBDD.hasSize(GetCallBDD.java:36)
at com.qa.rest.tests.GetCallBDD.hasSize(GetCallBDD.java:36)
at com.qa.rest.tests.GetCallBDD.hasSize(GetCallBDD.java:36)
at com.qa.rest.tests.GetCallBDD.hasSize(GetCallBDD.java:36)
at com.qa.rest.tests.GetCallBDD.hasSize(GetCallBDD.java:36)
at com.qa.rest.tests.GetCallBDD.hasSize(GetCallBDD.java:36)
at com.qa.rest.tests.GetCallBDD.hasSize(GetCallBDD.java:36)
at com.qa.rest.tests.GetCallBDD.hasSize(GetCallBDD.java:36)
at com.qa.rest.tests.GetCallBDD.hasSize(GetCallBDD.java:36)
at com.qa.rest.tests.GetCallBDD.hasSize(GetCallBDD.java:36)
at com.qa.rest.tests.GetCallBDD.hasSize(GetCallBDD.java:36)
at com.qa.rest.tests.GetCallBDD.hasSize(GetCallBDD.java:36)
at com.qa.rest.tests.GetCallBDD.hasSize(GetCallBDD.java:36)
at com.qa.rest.tests.GetCallBDD.hasSize(GetCallBDD.java:36)
at com.qa.rest.tests.GetCallBDD.hasSize(GetCallBDD.java:36)
at com.qa.rest.tests.GetCallBDD.hasSize(GetCallBDD.java:36)
at com.qa.rest.tests.GetCallBDD.hasSize(GetCallBDD.java:36)
at com.qa.rest.tests.GetCallBDD.hasSize(GetCallBDD.java:36)
at com.qa.rest.tests.GetCallBDD.hasSize(GetCallBDD.java:36)
at com.qa.rest.tests.GetCallBDD.hasSize(GetCallBDD.java:36)
at com.qa.rest.tests.GetCallBDD.hasSize(GetCallBDD.java:36)
at com.qa.rest.tests.GetCallBDD.hasSize(GetCallBDD.java:36)
at com.qa.rest.tests.GetCallBDD.hasSize(GetCallBDD.java:36)
at com.qa.rest.tests.GetCallBDD.hasSize(GetCallBDD.java:36)
at com.qa.rest.tests.GetCallBDD.hasSize(GetCallBDD.java:36)
at com.qa.rest.tests.GetCallBDD.hasSize(GetCallBDD.java:36)
at com.qa.rest.tests.GetCallBDD.hasSize(GetCallBDD.java:36)
at com.qa.rest.tests.GetCallBDD.hasSize(GetCallBDD.java:36)
at com.qa.rest.tests.GetCallBDD.hasSize(GetCallBDD.java:36)
at com.qa.rest.tests.GetCallBDD.hasSize(GetCallBDD.java:36)
at com.qa.rest.tests.GetCallBDD.hasSize(GetCallBDD.java:36)
at com.qa.rest.tests.GetCallBDD.hasSize(GetCallBDD.java:36)
at com.qa.rest.tests.GetCallBDD.hasSize(GetCallBDD.java:36)
at com.qa.rest.tests.GetCallBDD.hasSize(GetCallBDD.java:36)
at com.qa.rest.tests.GetCallBDD.hasSize(GetCallBDD.java:36)
at com.qa.rest.tests.GetCallBDD.hasSize(GetCallBDD.java:36)
at com.qa.rest.tests.GetCallBDD.hasSize(GetCallBDD.java:36)
at com.qa.rest.tests.GetCallBDD.hasSize(GetCallBDD.java:36)
at com.qa.rest.tests.GetCallBDD.hasSize(GetCallBDD.java:36)
at com.qa.rest.tests.GetCallBDD.hasSize(GetCallBDD.java:36)
at com.qa.rest.tests.GetCallBDD.hasSize(GetCallBDD.java:36)
at com.qa.rest.tests.GetCallBDD.hasSize(GetCallBDD.java:36)
at com.qa.rest.tests.GetCallBDD.hasSize(GetCallBDD.java:36)
at com.qa.rest.tests.GetCallBDD.hasSize(GetCallBDD.java:36)
at com.qa.rest.tests.GetCallBDD.hasSize(GetCallBDD.java:36)
at com.qa.rest.tests.GetCallBDD.hasSize(GetCallBDD.java:36)
at com.qa.rest.tests.GetCallBDD.hasSize(GetCallBDD.java:36)
at com.qa.rest.tests.GetCallBDD.hasSize(GetCallBDD.java:36)
at com.qa.rest.tests.GetCallBDD.hasSize(GetCallBDD.java:36)
at com.qa.rest.tests.GetCallBDD.hasSize(GetCallBDD.java:36)
at com.qa.rest.tests.GetCallBDD.hasSize(GetCallBDD.java:36)
at com.qa.rest.tests.GetCallBDD.hasSize(GetCallBDD.java:36)
at com.qa.rest.tests.GetCallBDD.hasSize(GetCallBDD.java:36)
at com.qa.rest.tests.GetCallBDD.hasSize(GetCallBDD.java:36)
at com.qa.rest.tests.GetCallBDD.hasSize(GetCallBDD.java:36)
at com.qa.rest.tests.GetCallBDD.hasSize(GetCallBDD.java:36)
at com.qa.rest.tests.GetCallBDD.hasSize(GetCallBDD.java:36)
at com.qa.rest.tests.GetCallBDD.hasSize(GetCallBDD.java:36)
at com.qa.rest.tests.GetCallBDD.hasSize(GetCallBDD.java:36)
at com.qa.rest.tests.GetCallBDD.hasSize(GetCallBDD.java:36)
at com.qa.rest.tests.GetCallBDD.hasSize(GetCallBDD.java:36)
at com.qa.rest.tests.GetCallBDD.hasSize(GetCallBDD.java:36)
at com.qa.rest.tests.GetCallBDD.hasSize(GetCallBDD.java:36)
at com.qa.rest.tests.GetCallBDD.hasSize(GetCallBDD.java:36)
at com.qa.rest.tests.GetCallBDD.hasSize(GetCallBDD.java:36)
at com.qa.rest.tests.GetCallBDD.hasSize(GetCallBDD.java:36)
at com.qa.rest.tests.GetCallBDD.hasSize(GetCallBDD.java:36)
at com.qa.rest.tests.GetCallBDD.hasSize(GetCallBDD.java:36)
at com.qa.rest.tests.GetCallBDD.hasSize(GetCallBDD.java:36)
at com.qa.rest.tests.GetCallBDD.hasSize(GetCallBDD.java:36)
at com.qa.rest.tests.GetCallBDD.hasSize(GetCallBDD.java:36)
at com.qa.rest.tests.GetCallBDD.hasSize(GetCallBDD.java:36)
at com.qa.rest.tests.GetCallBDD.hasSize(GetCallBDD.java:36)
at com.qa.rest.tests.GetCallBDD.hasSize(GetCallBDD.java:36)
at com.qa.rest.tests.GetCallBDD.hasSize(GetCallBDD.java:36)
at com.qa.rest.tests.GetCallBDD.hasSize(GetCallBDD.java:36)
at com.qa.rest.tests.GetCallBDD.hasSize(GetCallBDD.java:36)
at com.qa.rest.tests.GetCallBDD.hasSize(GetCallBDD.java:36)
at com.qa.rest.tests.GetCallBDD.hasSize(GetCallBDD.java:36)
at com.qa.rest.tests.GetCallBDD.hasSize(GetCallBDD.java:36)
at com.qa.rest.tests.GetCallBDD.hasSize(GetCallBDD.java:36)
at com.qa.rest.tests.GetCallBDD.hasSize(GetCallBDD.java:36)
at com.qa.rest.tests.GetCallBDD.hasSize(GetCallBDD.java:36)
at com.qa.rest.tests.GetCallBDD.hasSize(GetCallBDD.java:36)
at com.qa.rest.tests.GetCallBDD.hasSize(GetCallBDD.java:36)
at com.qa.rest.tests.GetCallBDD.hasSize(GetCallBDD.java:36)
at com.qa.rest.tests.GetCallBDD.hasSize(GetCallBDD.java:36)
at com.qa.rest.tests.GetCallBDD.hasSize(GetCallBDD.java:36)
at com.qa.rest.tests.GetCallBDD.hasSize(GetCallBDD.java:36)
at com.qa.rest.tests.GetCallBDD.hasSize(GetCallBDD.java:36)
at com.qa.rest.tests.GetCallBDD.hasSize(GetCallBDD.java:36)
at com.qa.rest.tests.GetCallBDD.hasSize(GetCallBDD.java:36)
at com.qa.rest.tests.GetCallBDD.hasSize(GetCallBDD.java:36)
at com.qa.rest.tests.GetCallBDD.hasSize(GetCallBDD.java:36)
at com.qa.rest.tests.GetCallBDD.hasSize(GetCallBDD.java:36)
at com.qa.rest.tests.GetCallBDD.hasSize(GetCallBDD.java:36)
at com.qa.rest.tests.GetCallBDD.hasSize(GetCallBDD.java:36)
at com.qa.rest.tests.GetCallBDD.hasSize(GetCallBDD.java:36)
at com.qa.rest.tests.GetCallBDD.hasSize(GetCallBDD.java:36)
at com.qa.rest.tests.GetCallBDD.hasSize(GetCallBDD.java:36)
at com.qa.rest.tests.GetCallBDD.hasSize(GetCallBDD.java:36)
at com.qa.rest.tests.GetCallBDD.hasSize(GetCallBDD.java:36)
at com.qa.rest.tests.GetCallBDD.hasSize(GetCallBDD.java:36)
at com.qa.rest.tests.GetCallBDD.hasSize(GetCallBDD.java:36)
at com.qa.rest.tests.GetCallBDD.hasSize(GetCallBDD.java:36)
at com.qa.rest.tests.GetCallBDD.hasSize(GetCallBDD.java:36)
at com.qa.rest.tests.GetCallBDD.hasSize(GetCallBDD.java:36)
at com.qa.rest.tests.GetCallBDD.hasSize(GetCallBDD.java:36)
at com.qa.rest.tests.GetCallBDD.hasSize(GetCallBDD.java:36)
at com.qa.rest.tests.GetCallBDD.hasSize(GetCallBDD.java:36)
at com.qa.rest.tests.GetCallBDD.hasSize(GetCallBDD.java:36)
at com.qa.rest.tests.GetCallBDD.hasSize(GetCallBDD.java:36)
at com.qa.rest.tests.GetCallBDD.hasSize(GetCallBDD.java:36)
at com.qa.rest.tests.GetCallBDD.hasSize(GetCallBDD.java:36)
at com.qa.rest.tests.GetCallBDD.hasSize(GetCallBDD.java:36)
at com.qa.rest.tests.GetCallBDD.hasSize(GetCallBDD.java:36)
at com.qa.rest.tests.GetCallBDD.hasSize(GetCallBDD.java:36)
at com.qa.rest.tests.GetCallBDD.hasSize(GetCallBDD.java:36)
at com.qa.rest.tests.GetCallBDD.hasSize(GetCallBDD.java:36)
at com.qa.rest.tests.GetCallBDD.hasSize(GetCallBDD.java:36)
at com.qa.rest.tests.GetCallBDD.hasSize(GetCallBDD.java:36)
at com.qa.rest.tests.GetCallBDD.hasSize(GetCallBDD.java:36)
at com.qa.rest.tests.GetCallBDD.hasSize(GetCallBDD.java:36)
at com.qa.rest.tests.GetCallBDD.hasSize(GetCallBDD.java:36)
at com.qa.rest.tests.GetCallBDD.hasSize(GetCallBDD.java:36)
at com.qa.rest.tests.GetCallBDD.hasSize(GetCallBDD.java:36)
at com.qa.rest.tests.GetCallBDD.hasSize(GetCallBDD.java:36)
at com.qa.rest.tests.GetCallBDD.hasSize(GetCallBDD.java:36)
at com.qa.rest.tests.GetCallBDD.hasSize(GetCallBDD.java:36)
at com.qa.rest.tests.GetCallBDD.hasSize(GetCallBDD.java:36)
at com.qa.rest.tests.GetCallBDD.hasSize(GetCallBDD.java:36)
at com.qa.rest.tests.GetCallBDD.hasSize(GetCallBDD.java:36)
at com.qa.rest.tests.GetCallBDD.hasSize(GetCallBDD.java:36)
at com.qa.rest.tests.GetCallBDD.hasSize(GetCallBDD.java:36)
at com.qa.rest.tests.GetCallBDD.hasSize(GetCallBDD.java:36)
at com.qa.rest.tests.GetCallBDD.hasSize(GetCallBDD.java:36)
at com.qa.rest.tests.GetCallBDD.hasSize(GetCallBDD.java:36)
at com.qa.rest.tests.GetCallBDD.hasSize(GetCallBDD.java:36)
at com.qa.rest.tests.GetCallBDD.hasSize(GetCallBDD.java:36)
at com.qa.rest.tests.GetCallBDD.hasSize(GetCallBDD.java:36)
at com.qa.rest.tests.GetCallBDD.hasSize(GetCallBDD.java:36)
at com.qa.rest.tests.GetCallBDD.hasSize(GetCallBDD.java:36)
at com.qa.rest.tests.GetCallBDD.hasSize(GetCallBDD.java:36)
at com.qa.rest.tests.GetCallBDD.hasSize(GetCallBDD.java:36)
at com.qa.rest.tests.GetCallBDD.hasSize(GetCallBDD.java:36)
at com.qa.rest.tests.GetCallBDD.hasSize(GetCallBDD.java:36)
at com.qa.rest.tests.GetCallBDD.hasSize(GetCallBDD.java:36)
at com.qa.rest.tests.GetCallBDD.hasSize(GetCallBDD.java:36)
at com.qa.rest.tests.GetCallBDD.hasSize(GetCallBDD.java:36)
at com.qa.rest.tests.GetCallBDD.hasSize(GetCallBDD.java:36)
at com.qa.rest.tests.GetCallBDD.hasSize(GetCallBDD.java:36)
at com.qa.rest.tests.GetCallBDD.hasSize(GetCallBDD.java:36)
at com.qa.rest.tests.GetCallBDD.hasSize(GetCallBDD.java:36)
at com.qa.rest.tests.GetCallBDD.hasSize(GetCallBDD.java:36)
at com.qa.rest.tests.GetCallBDD.hasSize(GetCallBDD.java:36)
at com.qa.rest.tests.GetCallBDD.hasSize(GetCallBDD.java:36)
at com.qa.rest.tests.GetCallBDD.hasSize(GetCallBDD.java:36)
at com.qa.rest.tests.GetCallBDD.hasSize(GetCallBDD.java:36)
at com.qa.rest.tests.GetCallBDD.hasSize(GetCallBDD.java:36)
at com.qa.rest.tests.GetCallBDD.hasSize(GetCallBDD.java:36)
at com.qa.rest.tests.GetCallBDD.hasSize(GetCallBDD.java:36)
at com.qa.rest.tests.GetCallBDD.hasSize(GetCallBDD.java:36)
at com.qa.rest.tests.GetCallBDD.hasSize(GetCallBDD.java:36)
at com.qa.rest.tests.GetCallBDD.hasSize(GetCallBDD.java:36)
at com.qa.rest.tests.GetCallBDD.hasSize(GetCallBDD.java:36)
at com.qa.rest.tests.GetCallBDD.hasSize(GetCallBDD.java:36)
at com.qa.rest.tests.GetCallBDD.hasSize(GetCallBDD.java:36)
at com.qa.rest.tests.GetCallBDD.hasSize(GetCallBDD.java:36)
at com.qa.rest.tests.GetCallBDD.hasSize(GetCallBDD.java:36)
at com.qa.rest.tests.GetCallBDD.hasSize(GetCallBDD.java:36)
at com.qa.rest.tests.GetCallBDD.hasSize(GetCallBDD.java:36)
at com.qa.rest.tests.GetCallBDD.hasSize(GetCallBDD.java:36)
at com.qa.rest.tests.GetCallBDD.hasSize(GetCallBDD.java:36)
at com.qa.rest.tests.GetCallBDD.hasSize(GetCallBDD.java:36)
at com.qa.rest.tests.GetCallBDD.hasSize(GetCallBDD.java:36)
at com.qa.rest.tests.GetCallBDD.hasSize(GetCallBDD.java:36)
at com.qa.rest.tests.GetCallBDD.hasSize(GetCallBDD.java:36)
at com.qa.rest.tests.GetCallBDD.hasSize(GetCallBDD.java:36)
at com.qa.rest.tests.GetCallBDD.hasSize(GetCallBDD.java:36)
at com.qa.rest.tests.GetCallBDD.hasSize(GetCallBDD.java:36)
at com.qa.rest.tests.GetCallBDD.hasSize(GetCallBDD.java:36)
at com.qa.rest.tests.GetCallBDD.hasSize(GetCallBDD.java:36)
at com.qa.rest.tests.GetCallBDD.hasSize(GetCallBDD.java:36)
at com.qa.rest.tests.GetCallBDD.hasSize(GetCallBDD.java:36)
at com.qa.rest.tests.GetCallBDD.hasSize(GetCallBDD.java:36)
at com.qa.rest.tests.GetCallBDD.hasSize(GetCallBDD.java:36)
at com.qa.rest.tests.GetCallBDD.hasSize(GetCallBDD.java:36)
at com.qa.rest.tests.GetCallBDD.hasSize(GetCallBDD.java:36)
at com.qa.rest.tests.GetCallBDD.hasSize(GetCallBDD.java:36)
at com.qa.rest.tests.GetCallBDD.hasSize(GetCallBDD.java:36)
at com.qa.rest.tests.GetCallBDD.hasSize(GetCallBDD.java:36)
at com.qa.rest.tests.GetCallBDD.hasSize(GetCallBDD.java:36)
at com.qa.rest.tests.GetCallBDD.hasSize(GetCallBDD.java:36)
at com.qa.rest.tests.GetCallBDD.hasSize(GetCallBDD.java:36)
at com.qa.rest.tests.GetCallBDD.hasSize(GetCallBDD.java:36)
at com.qa.rest.tests.GetCallBDD.hasSize(GetCallBDD.java:36)
at com.qa.rest.tests.GetCallBDD.hasSize(GetCallBDD.java:36)
at com.qa.rest.tests.GetCallBDD.hasSize(GetCallBDD.java:36)
at com.qa.rest.tests.GetCallBDD.hasSize(GetCallBDD.java:36)
at com.qa.rest.tests.GetCallBDD.hasSize(GetCallBDD.java:36)
at com.qa.rest.tests.GetCallBDD.hasSize(GetCallBDD.java:36)
at com.qa.rest.tests.GetCallBDD.hasSize(GetCallBDD.java:36)
at com.qa.rest.tests.GetCallBDD.hasSize(GetCallBDD.java:36)
at com.qa.rest.tests.GetCallBDD.hasSize(GetCallBDD.java:36)
at com.qa.rest.tests.GetCallBDD.hasSize(GetCallBDD.java:36)
at com.qa.rest.tests.GetCallBDD.hasSize(GetCallBDD.java:36)
at com.qa.rest.tests.GetCallBDD.hasSize(GetCallBDD.java:36)
at com.qa.rest.tests.GetCallBDD.hasSize(GetCallBDD.java:36)
at com.qa.rest.tests.GetCallBDD.hasSize(GetCallBDD.java:36)
at com.qa.rest.tests.GetCallBDD.hasSize(GetCallBDD.java:36)
at com.qa.rest.tests.GetCallBDD.hasSize(GetCallBDD.java:36)
at com.qa.rest.tests.GetCallBDD.hasSize(GetCallBDD.java:36)
at com.qa.rest.tests.GetCallBDD.hasSize(GetCallBDD.java:36)
at com.qa.rest.tests.GetCallBDD.hasSize(GetCallBDD.java:36)
at com.qa.rest.tests.GetCallBDD.hasSize(GetCallBDD.java:36)
at com.qa.rest.tests.GetCallBDD.hasSize(GetCallBDD.java:36)
at com.qa.rest.tests.GetCallBDD.hasSize(GetCallBDD.java:36)
at com.qa.rest.tests.GetCallBDD.hasSize(GetCallBDD.java:36)
at com.qa.rest.tests.GetCallBDD.hasSize(GetCallBDD.java:36)
at com.qa.rest.tests.GetCallBDD.hasSize(GetCallBDD.java:36)
at com.qa.rest.tests.GetCallBDD.hasSize(GetCallBDD.java:36)
at com.qa.rest.tests.GetCallBDD.hasSize(GetCallBDD.java:36)
at com.qa.rest.tests.GetCallBDD.hasSize(GetCallBDD.java:36)
at com.qa.rest.tests.GetCallBDD.hasSize(GetCallBDD.java:36)
at com.qa.rest.tests.GetCallBDD.hasSize(GetCallBDD.java:36)
at com.qa.rest.tests.GetCallBDD.hasSize(GetCallBDD.java:36)
at com.qa.rest.tests.GetCallBDD.hasSize(GetCallBDD.java:36)
at com.qa.rest.tests.GetCallBDD.hasSize(GetCallBDD.java:36)
at com.qa.rest.tests.GetCallBDD.hasSize(GetCallBDD.java:36)
at com.qa.rest.tests.GetCallBDD.hasSize(GetCallBDD.java:36)
at com.qa.rest.tests.GetCallBDD.hasSize(GetCallBDD.java:36)
at com.qa.rest.tests.GetCallBDD.hasSize(GetCallBDD.java:36)
at com.qa.rest.tests.GetCallBDD.hasSize(GetCallBDD.java:36)
at com.qa.rest.tests.GetCallBDD.hasSize(GetCallBDD.java:36)
at com.qa.rest.tests.GetCallBDD.hasSize(GetCallBDD.java:36)
at com.qa.rest.tests.GetCallBDD.hasSize(GetCallBDD.java:36)
at com.qa.rest.tests.GetCallBDD.hasSize(GetCallBDD.java:36)
at com.qa.rest.tests.GetCallBDD.hasSize(GetCallBDD.java:36)
at com.qa.rest.tests.GetCallBDD.hasSize(GetCallBDD.java:36)
at com.qa.rest.tests.GetCallBDD.hasSize(GetCallBDD.java:36)
at com.qa.rest.tests.GetCallBDD.hasSize(GetCallBDD.java:36)
at com.qa.rest.tests.GetCallBDD.hasSize(GetCallBDD.java:36)
at com.qa.rest.tests.GetCallBDD.hasSize(GetCallBDD.java:36)
at com.qa.rest.tests.GetCallBDD.hasSize(GetCallBDD.java:36)
at com.qa.rest.tests.GetCallBDD.hasSize(GetCallBDD.java:36)
at com.qa.rest.tests.GetCallBDD.hasSize(GetCallBDD.java:36)
at com.qa.rest.tests.GetCallBDD.hasSize(GetCallBDD.java:36)
at com.qa.rest.tests.GetCallBDD.hasSize(GetCallBDD.java:36)
at com.qa.rest.tests.GetCallBDD.hasSize(GetCallBDD.java:36)
at com.qa.rest.tests.GetCallBDD.hasSize(GetCallBDD.java:36)
at com.qa.rest.tests.GetCallBDD.hasSize(GetCallBDD.java:36)
at com.qa.rest.tests.GetCallBDD.hasSize(GetCallBDD.java:36)
at com.qa.rest.tests.GetCallBDD.hasSize(GetCallBDD.java:36)
at com.qa.rest.tests.GetCallBDD.hasSize(GetCallBDD.java:36)
at com.qa.rest.tests.GetCallBDD.hasSize(GetCallBDD.java:36)
at com.qa.rest.tests.GetCallBDD.hasSize(GetCallBDD.java:36)
at com.qa.rest.tests.GetCallBDD.hasSize(GetCallBDD.java:36)
at com.qa.rest.tests.GetCallBDD.hasSize(GetCallBDD.java:36)
at com.qa.rest.tests.GetCallBDD.hasSize(GetCallBDD.java:36)
at com.qa.rest.tests.GetCallBDD.hasSize(GetCallBDD.java:36)
at com.qa.rest.tests.GetCallBDD.hasSize(GetCallBDD.java:36)
at com.qa.rest.tests.GetCallBDD.hasSize(GetCallBDD.java:36)
at com.qa.rest.tests.GetCallBDD.hasSize(GetCallBDD.java:36)
at com.qa.rest.tests.GetCallBDD.hasSize(GetCallBDD.java:36)
at com.qa.rest.tests.GetCallBDD.hasSize(GetCallBDD.java:36)
at com.qa.rest.tests.GetCallBDD.hasSize(GetCallBDD.java:36)
at com.qa.rest.tests.GetCallBDD.hasSize(GetCallBDD.java:36)
at com.qa.rest.tests.GetCallBDD.hasSize(GetCallBDD.java:36)
at com.qa.rest.tests.GetCallBDD.hasSize(GetCallBDD.java:36)
at com.qa.rest.tests.GetCallBDD.hasSize(GetCallBDD.java:36)
at com.qa.rest.tests.GetCallBDD.hasSize(GetCallBDD.java:36)
at com.qa.rest.tests.GetCallBDD.hasSize(GetCallBDD.java:36)
at com.qa.rest.tests.GetCallBDD.hasSize(GetCallBDD.java:36)
at com.qa.rest.tests.GetCallBDD.hasSize(GetCallBDD.java:36)
at com.qa.rest.tests.GetCallBDD.hasSize(GetCallBDD.java:36)
at com.qa.rest.tests.GetCallBDD.hasSize(GetCallBDD.java:36)
at com.qa.rest.tests.GetCallBDD.hasSize(GetCallBDD.java:36)
at com.qa.rest.tests.GetCallBDD.hasSize(GetCallBDD.java:36)
at com.qa.rest.tests.GetCallBDD.hasSize(GetCallBDD.java:36)
at com.qa.rest.tests.GetCallBDD.hasSize(GetCallBDD.java:36)
at com.qa.rest.tests.GetCallBDD.hasSize(GetCallBDD.java:36)
at com.qa.rest.tests.GetCallBDD.hasSize(GetCallBDD.java:36)
at com.qa.rest.tests.GetCallBDD.hasSize(GetCallBDD.java:36)
at com.qa.rest.tests.GetCallBDD.hasSize(GetCallBDD.java:36)
at com.qa.rest.tests.GetCallBDD.hasSize(GetCallBDD.java:36)
at com.qa.rest.tests.GetCallBDD.hasSize(GetCallBDD.java:36)
at com.qa.rest.tests.GetCallBDD.hasSize(GetCallBDD.java:36)
at com.qa.rest.tests.GetCallBDD.hasSize(GetCallBDD.java:36)
at com.qa.rest.tests.GetCallBDD.hasSize(GetCallBDD.java:36)
at com.qa.rest.tests.GetCallBDD.hasSize(GetCallBDD.java:36)
at com.qa.rest.tests.GetCallBDD.hasSize(GetCallBDD.java:36)
at com.qa.rest.tests.GetCallBDD.hasSize(GetCallBDD.java:36)
at com.qa.rest.tests.GetCallBDD.hasSize(GetCallBDD.java:36)
at com.qa.rest.tests.GetCallBDD.hasSize(GetCallBDD.java:36)
at com.qa.rest.tests.GetCallBDD.hasSize(GetCallBDD.java:36)
at com.qa.rest.tests.GetCallBDD.hasSize(GetCallBDD.java:36)
at com.qa.rest.tests.GetCallBDD.hasSize(GetCallBDD.java:36)
at com.qa.rest.tests.GetCallBDD.hasSize(GetCallBDD.java:36)
at com.qa.rest.tests.GetCallBDD.hasSize(GetCallBDD.java:36)
at com.qa.rest.tests.GetCallBDD.hasSize(GetCallBDD.java:36)
at com.qa.rest.tests.GetCallBDD.hasSize(GetCallBDD.java:36)
at com.qa.rest.tests.GetCallBDD.hasSize(GetCallBDD.java:36)
at com.qa.rest.tests.GetCallBDD.hasSize(GetCallBDD.java:36)
at com.qa.rest.tests.GetCallBDD.hasSize(GetCallBDD.java:36)
at com.qa.rest.tests.GetCallBDD.hasSize(GetCallBDD.java:36)
at com.qa.rest.tests.GetCallBDD.hasSize(GetCallBDD.java:36)
at com.qa.rest.tests.GetCallBDD.hasSize(GetCallBDD.java:36)
at com.qa.rest.tests.GetCallBDD.hasSize(GetCallBDD.java:36)
at com.qa.rest.tests.GetCallBDD.hasSize(GetCallBDD.java:36)
at com.qa.rest.tests.GetCallBDD.hasSize(GetCallBDD.java:36)
at com.qa.rest.tests.GetCallBDD.hasSize(GetCallBDD.java:36)
at com.qa.rest.tests.GetCallBDD.hasSize(GetCallBDD.java:36)
at com.qa.rest.tests.GetCallBDD.hasSize(GetCallBDD.java:36)
at com.qa.rest.tests.GetCallBDD.hasSize(GetCallBDD.java:36)
at com.qa.rest.tests.GetCallBDD.hasSize(GetCallBDD.java:36)
at com.qa.rest.tests.GetCallBDD.hasSize(GetCallBDD.java:36)
at com.qa.rest.tests.GetCallBDD.hasSize(GetCallBDD.java:36)
at com.qa.rest.tests.GetCallBDD.hasSize(GetCallBDD.java:36)
at com.qa.rest.tests.GetCallBDD.hasSize(GetCallBDD.java:36)
at com.qa.rest.tests.GetCallBDD.hasSize(GetCallBDD.java:36)
at com.qa.rest.tests.GetCallBDD.hasSize(GetCallBDD.java:36)
at com.qa.rest.tests.GetCallBDD.hasSize(GetCallBDD.java:36)
at com.qa.rest.tests.GetCallBDD.hasSize(GetCallBDD.java:36)
at com.qa.rest.tests.GetCallBDD.hasSize(GetCallBDD.java:36)
at com.qa.rest.tests.GetCallBDD.hasSize(GetCallBDD.java:36)
at com.qa.rest.tests.GetCallBDD.hasSize(GetCallBDD.java:36)
at com.qa.rest.tests.GetCallBDD.hasSize(GetCallBDD.java:36)
at com.qa.rest.tests.GetCallBDD.hasSize(GetCallBDD.java:36)
at com.qa.rest.tests.GetCallBDD.hasSize(GetCallBDD.java:36)
at com.qa.rest.tests.GetCallBDD.hasSize(GetCallBDD.java:36)
at com.qa.rest.tests.GetCallBDD.hasSize(GetCallBDD.java:36)
at com.qa.rest.tests.GetCallBDD.hasSize(GetCallBDD.java:36)
at com.qa.rest.tests.GetCallBDD.hasSize(GetCallBDD.java:36)
at com.qa.rest.tests.GetCallBDD.hasSize(GetCallBDD.java:36)
at com.qa.rest.tests.GetCallBDD.hasSize(GetCallBDD.java:36)
at com.qa.rest.tests.GetCallBDD.hasSize(GetCallBDD.java:36)
at com.qa.rest.tests.GetCallBDD.hasSize(GetCallBDD.java:36)
at com.qa.rest.tests.GetCallBDD.hasSize(GetCallBDD.java:36)
at com.qa.rest.tests.GetCallBDD.hasSize(GetCallBDD.java:36)
at com.qa.rest.tests.GetCallBDD.hasSize(GetCallBDD.java:36)
at com.qa.rest.tests.GetCallBDD.hasSize(GetCallBDD.java:36)
at com.qa.rest.tests.GetCallBDD.hasSize(GetCallBDD.java:36)
at com.qa.rest.tests.GetCallBDD.hasSize(GetCallBDD.java:36)
at com.qa.rest.tests.GetCallBDD.hasSize(GetCallBDD.java:36)
at com.qa.rest.tests.GetCallBDD.hasSize(GetCallBDD.java:36)
at com.qa.rest.tests.GetCallBDD.hasSize(GetCallBDD.java:36)
at com.qa.rest.tests.GetCallBDD.hasSize(GetCallBDD.java:36)
at com.qa.rest.tests.GetCallBDD.hasSize(GetCallBDD.java:36)
at com.qa.rest.tests.GetCallBDD.hasSize(GetCallBDD.java:36)
at com.qa.rest.tests.GetCallBDD.hasSize(GetCallBDD.java:36)
at com.qa.rest.tests.GetCallBDD.hasSize(GetCallBDD.java:36)
at com.qa.rest.tests.GetCallBDD.hasSize(GetCallBDD.java:36)
at com.qa.rest.tests.GetCallBDD.hasSize(GetCallBDD.java:36)
at com.qa.rest.tests.GetCallBDD.hasSize(GetCallBDD.java:36)
at com.qa.rest.tests.GetCallBDD.hasSize(GetCallBDD.java:36)
at com.qa.rest.tests.GetCallBDD.hasSize(GetCallBDD.java:36)
at com.qa.rest.tests.GetCallBDD.hasSize(GetCallBDD.java:36)
at com.qa.rest.tests.GetCallBDD.hasSize(GetCallBDD.java:36)
at com.qa.rest.tests.GetCallBDD.hasSize(GetCallBDD.java:36)
at com.qa.rest.tests.GetCallBDD.hasSize(GetCallBDD.java:36)
at com.qa.rest.tests.GetCallBDD.hasSize(GetCallBDD.java:36)
at com.qa.rest.tests.GetCallBDD.hasSize(GetCallBDD.java:36)
at com.qa.rest.tests.GetCallBDD.hasSize(GetCallBDD.java:36)
at com.qa.rest.tests.GetCallBDD.hasSize(GetCallBDD.java:36)
at com.qa.rest.tests.GetCallBDD.hasSize(GetCallBDD.java:36)
at com.qa.rest.tests.GetCallBDD.hasSize(GetCallBDD.java:36)
at com.qa.rest.tests.GetCallBDD.hasSize(GetCallBDD.java:36)
at com.qa.rest.tests.GetCallBDD.hasSize(GetCallBDD.java:36)
at com.qa.rest.tests.GetCallBDD.hasSize(GetCallBDD.java:36)
at com.qa.rest.tests.GetCallBDD.hasSize(GetCallBDD.java:36)
at com.qa.rest.tests.GetCallBDD.hasSize(GetCallBDD.java:36)
at com.qa.rest.tests.GetCallBDD.hasSize(GetCallBDD.java:36)
at com.qa.rest.tests.GetCallBDD.hasSize(GetCallBDD.java:36)
at com.qa.rest.tests.GetCallBDD.hasSize(GetCallBDD.java:36)
at com.qa.rest.tests.GetCallBDD.hasSize(GetCallBDD.java:36)
at com.qa.rest.tests.GetCallBDD.hasSize(GetCallBDD.java:36)
at com.qa.rest.tests.GetCallBDD.hasSize(GetCallBDD.java:36)
at com.qa.rest.tests.GetCallBDD.hasSize(GetCallBDD.java:36)
at com.qa.rest.tests.GetCallBDD.hasSize(GetCallBDD.java:36)
at com.qa.rest.tests.GetCallBDD.hasSize(GetCallBDD.java:36)
at com.qa.rest.tests.GetCallBDD.hasSize(GetCallBDD.java:36)
at com.qa.rest.tests.GetCallBDD.hasSize(GetCallBDD.java:36)
at com.qa.rest.tests.GetCallBDD.hasSize(GetCallBDD.java:36)
at com.qa.rest.tests.GetCallBDD.hasSize(GetCallBDD.java:36)
at com.qa.rest.tests.GetCallBDD.hasSize(GetCallBDD.java:36)
at com.qa.rest.tests.GetCallBDD.hasSize(GetCallBDD.java:36)
at com.qa.rest.tests.GetCallBDD.hasSize(GetCallBDD.java:36)
at com.qa.rest.tests.GetCallBDD.hasSize(GetCallBDD.java:36)
at com.qa.rest.tests.GetCallBDD.hasSize(GetCallBDD.java:36)
at com.qa.rest.tests.GetCallBDD.hasSize(GetCallBDD.java:36)
at com.qa.rest.tests.GetCallBDD.hasSize(GetCallBDD.java:36)
at com.qa.rest.tests.GetCallBDD.hasSize(GetCallBDD.java:36)
at com.qa.rest.tests.GetCallBDD.hasSize(GetCallBDD.java:36)
at com.qa.rest.tests.GetCallBDD.hasSize(GetCallBDD.java:36)
at com.qa.rest.tests.GetCallBDD.hasSize(GetCallBDD.java:36)
at com.qa.rest.tests.GetCallBDD.hasSize(GetCallBDD.java:36)
at com.qa.rest.tests.GetCallBDD.hasSize(GetCallBDD.java:36)
at com.qa.rest.tests.GetCallBDD.hasSize(GetCallBDD.java:36)
at com.qa.rest.tests.GetCallBDD.hasSize(GetCallBDD.java:36)
at com.qa.rest.tests.GetCallBDD.hasSize(GetCallBDD.java:36)
at com.qa.rest.tests.GetCallBDD.hasSize(GetCallBDD.java:36)
at com.qa.rest.tests.GetCallBDD.hasSize(GetCallBDD.java:36)
at com.qa.rest.tests.GetCallBDD.hasSize(GetCallBDD.java:36)
at com.qa.rest.tests.GetCallBDD.hasSize(GetCallBDD.java:36)
at com.qa.rest.tests.GetCallBDD.hasSize(GetCallBDD.java:36)
at com.qa.rest.tests.GetCallBDD.hasSize(GetCallBDD.java:36)
at com.qa.rest.tests.GetCallBDD.hasSize(GetCallBDD.java:36)
at com.qa.rest.tests.GetCallBDD.hasSize(GetCallBDD.java:36)
at com.qa.rest.tests.GetCallBDD.hasSize(GetCallBDD.java:36)
at com.qa.rest.tests.GetCallBDD.hasSize(GetCallBDD.java:36)
at com.qa.rest.tests.GetCallBDD.hasSize(GetCallBDD.java:36)
at com.qa.rest.tests.GetCallBDD.hasSize(GetCallBDD.java:36)
at com.qa.rest.tests.GetCallBDD.hasSize(GetCallBDD.java:36)
at com.qa.rest.tests.GetCallBDD.hasSize(GetCallBDD.java:36)
at com.qa.rest.tests.GetCallBDD.hasSize(GetCallBDD.java:36)
at com.qa.rest.tests.GetCallBDD.hasSize(GetCallBDD.java:36)
at com.qa.rest.tests.GetCallBDD.hasSize(GetCallBDD.java:36)
at com.qa.rest.tests.GetCallBDD.hasSize(GetCallBDD.java:36)
at com.qa.rest.tests.GetCallBDD.hasSize(GetCallBDD.java:36)
at com.qa.rest.tests.GetCallBDD.hasSize(GetCallBDD.java:36)
at com.qa.rest.tests.GetCallBDD.hasSize(GetCallBDD.java:36)
at com.qa.rest.tests.GetCallBDD.hasSize(GetCallBDD.java:36)
at com.qa.rest.tests.GetCallBDD.hasSize(GetCallBDD.java:36)
at com.qa.rest.tests.GetCallBDD.hasSize(GetCallBDD.java:36)
at com.qa.rest.tests.GetCallBDD.hasSize(GetCallBDD.java:36)
at com.qa.rest.tests.GetCallBDD.hasSize(GetCallBDD.java:36)
at com.qa.rest.tests.GetCallBDD.hasSize(GetCallBDD.java:36)
at com.qa.rest.tests.GetCallBDD.hasSize(GetCallBDD.java:36)
at com.qa.rest.tests.GetCallBDD.hasSize(GetCallBDD.java:36)
at com.qa.rest.tests.GetCallBDD.hasSize(GetCallBDD.java:36)
at com.qa.rest.tests.GetCallBDD.hasSize(GetCallBDD.java:36)
at com.qa.rest.tests.GetCallBDD.hasSize(GetCallBDD.java:36)
at com.qa.rest.tests.GetCallBDD.hasSize(GetCallBDD.java:36)
at com.qa.rest.tests.GetCallBDD.hasSize(GetCallBDD.java:36)
at com.qa.rest.tests.GetCallBDD.hasSize(GetCallBDD.java:36)
at com.qa.rest.tests.GetCallBDD.hasSize(GetCallBDD.java:36)
at com.qa.rest.tests.GetCallBDD.hasSize(GetCallBDD.java:36)
at com.qa.rest.tests.GetCallBDD.hasSize(GetCallBDD.java:36)
at com.qa.rest.tests.GetCallBDD.hasSize(GetCallBDD.java:36)
at com.qa.rest.tests.GetCallBDD.hasSize(GetCallBDD.java:36)
at com.qa.rest.tests.GetCallBDD.hasSize(GetCallBDD.java:36)
at com.qa.rest.tests.GetCallBDD.hasSize(GetCallBDD.java:36)
at com.qa.rest.tests.GetCallBDD.hasSize(GetCallBDD.java:36)
at com.qa.rest.tests.GetCallBDD.hasSize(GetCallBDD.java:36)
at com.qa.rest.tests.GetCallBDD.hasSize(GetCallBDD.java:36)
at com.qa.rest.tests.GetCallBDD.hasSize(GetCallBDD.java:36)
at com.qa.rest.tests.GetCallBDD.hasSize(GetCallBDD.java:36)
at com.qa.rest.tests.GetCallBDD.hasSize(GetCallBDD.java:36)
at com.qa.rest.tests.GetCallBDD.hasSize(GetCallBDD.java:36)
at com.qa.rest.tests.GetCallBDD.hasSize(GetCallBDD.java:36)
at com.qa.rest.tests.GetCallBDD.hasSize(GetCallBDD.java:36)
at com.qa.rest.tests.GetCallBDD.hasSize(GetCallBDD.java:36)
at com.qa.rest.tests.GetCallBDD.hasSize(GetCallBDD.java:36)
at com.qa.rest.tests.GetCallBDD.hasSize(GetCallBDD.java:36)
at com.qa.rest.tests.GetCallBDD.hasSize(GetCallBDD.java:36)
at com.qa.rest.tests.GetCallBDD.hasSize(GetCallBDD.java:36)
at com.qa.rest.tests.GetCallBDD.hasSize(GetCallBDD.java:36)
at com.qa.rest.tests.GetCallBDD.hasSize(GetCallBDD.java:36)
at com.qa.rest.tests.GetCallBDD.hasSize(GetCallBDD.java:36)
at com.qa.rest.tests.GetCallBDD.hasSize(GetCallBDD.java:36)
at com.qa.rest.tests.GetCallBDD.hasSize(GetCallBDD.java:36)
at com.qa.rest.tests.GetCallBDD.hasSize(GetCallBDD.java:36)
at com.qa.rest.tests.GetCallBDD.hasSize(GetCallBDD.java:36)
at com.qa.rest.tests.GetCallBDD.hasSize(GetCallBDD.java:36)
at com.qa.rest.tests.GetCallBDD.hasSize(GetCallBDD.java:36)
at com.qa.rest.tests.GetCallBDD.hasSize(GetCallBDD.java:36)
at com.qa.rest.tests.GetCallBDD.hasSize(GetCallBDD.java:36)
at com.qa.rest.tests.GetCallBDD.hasSize(GetCallBDD.java:36)
at com.qa.rest.tests.GetCallBDD.hasSize(GetCallBDD.java:36)
at com.qa.rest.tests.GetCallBDD.hasSize(GetCallBDD.java:36)
at com.qa.rest.tests.GetCallBDD.hasSize(GetCallBDD.java:36)
at com.qa.rest.tests.GetCallBDD.hasSize(GetCallBDD.java:36)
at com.qa.rest.tests.GetCallBDD.hasSize(GetCallBDD.java:36)
at com.qa.rest.tests.GetCallBDD.hasSize(GetCallBDD.java:36)
at com.qa.rest.tests.GetCallBDD.hasSize(GetCallBDD.java:36)
at com.qa.rest.tests.GetCallBDD.hasSize(GetCallBDD.java:36)
at com.qa.rest.tests.GetCallBDD.hasSize(GetCallBDD.java:36)
at com.qa.rest.tests.GetCallBDD.hasSize(GetCallBDD.java:36)
at com.qa.rest.tests.GetCallBDD.hasSize(GetCallBDD.java:36)
at com.qa.rest.tests.GetCallBDD.hasSize(GetCallBDD.java:36)
at com.qa.rest.tests.GetCallBDD.hasSize(GetCallBDD.java:36)
at com.qa.rest.tests.GetCallBDD.hasSize(GetCallBDD.java:36)
at com.qa.rest.tests.GetCallBDD.hasSize(GetCallBDD.java:36)
at com.qa.rest.tests.GetCallBDD.hasSize(GetCallBDD.java:36)
at com.qa.rest.tests.GetCallBDD.hasSize(GetCallBDD.java:36)
at com.qa.rest.tests.GetCallBDD.hasSize(GetCallBDD.java:36)
at com.qa.rest.tests.GetCallBDD.hasSize(GetCallBDD.java:36)
at com.qa.rest.tests.GetCallBDD.hasSize(GetCallBDD.java:36)
at com.qa.rest.tests.GetCallBDD.hasSize(GetCallBDD.java:36)
at com.qa.rest.tests.GetCallBDD.hasSize(GetCallBDD.java:36)
at com.qa.rest.tests.GetCallBDD.hasSize(GetCallBDD.java:36)
at com.qa.rest.tests.GetCallBDD.hasSize(GetCallBDD.java:36)
at com.qa.rest.tests.GetCallBDD.hasSize(GetCallBDD.java:36)
at com.qa.rest.tests.GetCallBDD.hasSize(GetCallBDD.java:36)
at com.qa.rest.tests.GetCallBDD.hasSize(GetCallBDD.java:36)
at com.qa.rest.tests.GetCallBDD.hasSize(GetCallBDD.java:36)
at com.qa.rest.tests.GetCallBDD.hasSize(GetCallBDD.java:36)
at com.qa.rest.tests.GetCallBDD.hasSize(GetCallBDD.java:36)
at com.qa.rest.tests.GetCallBDD.hasSize(GetCallBDD.java:36)
at com.qa.rest.tests.GetCallBDD.hasSize(GetCallBDD.java:36)
at com.qa.rest.tests.GetCallBDD.hasSize(GetCallBDD.java:36)
at com.qa.rest.tests.GetCallBDD.hasSize(GetCallBDD.java:36)
at com.qa.rest.tests.GetCallBDD.hasSize(GetCallBDD.java:36)
at com.qa.rest.tests.GetCallBDD.hasSize(GetCallBDD.java:36)
at com.qa.rest.tests.GetCallBDD.hasSize(GetCallBDD.java:36)
at com.qa.rest.tests.GetCallBDD.hasSize(GetCallBDD.java:36)
at com.qa.rest.tests.GetCallBDD.hasSize(GetCallBDD.java:36)
at com.qa.rest.tests.GetCallBDD.hasSize(GetCallBDD.java:36)
at com.qa.rest.tests.GetCallBDD.hasSize(GetCallBDD.java:36)
at com.qa.rest.tests.GetCallBDD.hasSize(GetCallBDD.java:36)
at com.qa.rest.tests.GetCallBDD.hasSize(GetCallBDD.java:36)
at com.qa.rest.tests.GetCallBDD.hasSize(GetCallBDD.java:36)
at com.qa.rest.tests.GetCallBDD.hasSize(GetCallBDD.java:36)
at com.qa.rest.tests.GetCallBDD.hasSize(GetCallBDD.java:36)
at com.qa.rest.tests.GetCallBDD.hasSize(GetCallBDD.java:36)
at com.qa.rest.tests.GetCallBDD.hasSize(GetCallBDD.java:36)
at com.qa.rest.tests.GetCallBDD.hasSize(GetCallBDD.java:36)
at com.qa.rest.tests.GetCallBDD.hasSize(GetCallBDD.java:36)
at com.qa.rest.tests.GetCallBDD.hasSize(GetCallBDD.java:36)
at com.qa.rest.tests.GetCallBDD.hasSize(GetCallBDD.java:36)
at com.qa.rest.tests.GetCallBDD.hasSize(GetCallBDD.java:36)
at com.qa.rest.tests.GetCallBDD.hasSize(GetCallBDD.java:36)
at com.qa.rest.tests.GetCallBDD.hasSize(GetCallBDD.java:36)
at com.qa.rest.tests.GetCallBDD.hasSize(GetCallBDD.java:36)
at com.qa.rest.tests.GetCallBDD.hasSize(GetCallBDD.java:36)
at com.qa.rest.tests.GetCallBDD.hasSize(GetCallBDD.java:36)
at com.qa.rest.tests.GetCallBDD.hasSize(GetCallBDD.java:36)
at com.qa.rest.tests.GetCallBDD.hasSize(GetCallBDD.java:36)
at com.qa.rest.tests.GetCallBDD.hasSize(GetCallBDD.java:36)
at com.qa.rest.tests.GetCallBDD.hasSize(GetCallBDD.java:36)
at com.qa.rest.tests.GetCallBDD.hasSize(GetCallBDD.java:36)
at com.qa.rest.tests.GetCallBDD.hasSize(GetCallBDD.java:36)
at com.qa.rest.tests.GetCallBDD.hasSize(GetCallBDD.java:36)
at com.qa.rest.tests.GetCallBDD.hasSize(GetCallBDD.java:36)
at com.qa.rest.tests.GetCallBDD.hasSize(GetCallBDD.java:36)
at com.qa.rest.tests.GetCallBDD.hasSize(GetCallBDD.java:36)
at com.qa.rest.tests.GetCallBDD.hasSize(GetCallBDD.java:36)
at com.qa.rest.tests.GetCallBDD.hasSize(GetCallBDD.java:36)
at com.qa.rest.tests.GetCallBDD.hasSize(GetCallBDD.java:36)
at com.qa.rest.tests.GetCallBDD.hasSize(GetCallBDD.java:36)
at com.qa.rest.tests.GetCallBDD.hasSize(GetCallBDD.java:36)
at com.qa.rest.tests.GetCallBDD.hasSize(GetCallBDD.java:36)
at com.qa.rest.tests.GetCallBDD.hasSize(GetCallBDD.java:36)
at com.qa.rest.tests.GetCallBDD.hasSize(GetCallBDD.java:36)
at com.qa.rest.tests.GetCallBDD.hasSize(GetCallBDD.java:36)
at com.qa.rest.tests.GetCallBDD.hasSize(GetCallBDD.java:36)
at com.qa.rest.tests.GetCallBDD.hasSize(GetCallBDD.java:36)
at com.qa.rest.tests.GetCallBDD.hasSize(GetCallBDD.java:36)
at com.qa.rest.tests.GetCallBDD.hasSize(GetCallBDD.java:36)
at com.qa.rest.tests.GetCallBDD.hasSize(GetCallBDD.java:36)
at com.qa.rest.tests.GetCallBDD.hasSize(GetCallBDD.java:36)
at com.qa.rest.tests.GetCallBDD.hasSize(GetCallBDD.java:36)
at com.qa.rest.tests.GetCallBDD.hasSize(GetCallBDD.java:36)
at com.qa.rest.tests.GetCallBDD.hasSize(GetCallBDD.java:36)
at com.qa.rest.tests.GetCallBDD.hasSize(GetCallBDD.java:36)
at com.qa.rest.tests.GetCallBDD.hasSize(GetCallBDD.java:36)
at com.qa.rest.tests.GetCallBDD.hasSize(GetCallBDD.java:36)
at com.qa.rest.tests.GetCallBDD.hasSize(GetCallBDD.java:36)
at com.qa.rest.tests.GetCallBDD.hasSize(GetCallBDD.java:36)
at com.qa.rest.tests.GetCallBDD.hasSize(GetCallBDD.java:36)
at com.qa.rest.tests.GetCallBDD.hasSize(GetCallBDD.java:36)
at com.qa.rest.tests.GetCallBDD.hasSize(GetCallBDD.java:36)
at com.qa.rest.tests.GetCallBDD.hasSize(GetCallBDD.java:36)
at com.qa.rest.tests.GetCallBDD.hasSize(GetCallBDD.java:36)
at com.qa.rest.tests.GetCallBDD.hasSize(GetCallBDD.java:36)
at com.qa.rest.tests.GetCallBDD.hasSize(GetCallBDD.java:36)
at com.qa.rest.tests.GetCallBDD.hasSize(GetCallBDD.java:36)
at com.qa.rest.tests.GetCallBDD.hasSize(GetCallBDD.java:36)
at com.qa.rest.tests.GetCallBDD.hasSize(GetCallBDD.java:36)
at com.qa.rest.tests.GetCallBDD.hasSize(GetCallBDD.java:36)
at com.qa.rest.tests.GetCallBDD.hasSize(GetCallBDD.java:36)
at com.qa.rest.tests.GetCallBDD.hasSize(GetCallBDD.java:36)
at com.qa.rest.tests.GetCallBDD.hasSize(GetCallBDD.java:36)
at com.qa.rest.tests.GetCallBDD.hasSize(GetCallBDD.java:36)
at com.qa.rest.tests.GetCallBDD.hasSize(GetCallBDD.java:36)
at com.qa.rest.tests.GetCallBDD.hasSize(GetCallBDD.java:36)
at com.qa.rest.tests.GetCallBDD.hasSize(GetCallBDD.java:36)
at com.qa.rest.tests.GetCallBDD.hasSize(GetCallBDD.java:36)
at com.qa.rest.tests.GetCallBDD.hasSize(GetCallBDD.java:36)
at com.qa.rest.tests.GetCallBDD.hasSize(GetCallBDD.java:36)
at com.qa.rest.tests.GetCallBDD.hasSize(GetCallBDD.java:36)
at com.qa.rest.tests.GetCallBDD.hasSize(GetCallBDD.java:36)
at com.qa.rest.tests.GetCallBDD.hasSize(GetCallBDD.java:36)
at com.qa.rest.tests.GetCallBDD.hasSize(GetCallBDD.java:36)
at com.qa.rest.tests.GetCallBDD.hasSize(GetCallBDD.java:36)
at com.qa.rest.tests.GetCallBDD.hasSize(GetCallBDD.java:36)
at com.qa.rest.tests.GetCallBDD.hasSize(GetCallBDD.java:36)
at com.qa.rest.tests.GetCallBDD.hasSize(GetCallBDD.java:36)
at com.qa.rest.tests.GetCallBDD.hasSize(GetCallBDD.java:36)
at com.qa.rest.tests.GetCallBDD.hasSize(GetCallBDD.java:36)
at com.qa.rest.tests.GetCallBDD.hasSize(GetCallBDD.java:36)
at com.qa.rest.tests.GetCallBDD.hasSize(GetCallBDD.java:36)
at com.qa.rest.tests.GetCallBDD.hasSize(GetCallBDD.java:36)
at com.qa.rest.tests.GetCallBDD.hasSize(GetCallBDD.java:36)
at com.qa.rest.tests.GetCallBDD.hasSize(GetCallBDD.java:36)
at com.qa.rest.tests.GetCallBDD.hasSize(GetCallBDD.java:36)
at com.qa.rest.tests.GetCallBDD.hasSize(GetCallBDD.java:36)
at com.qa.rest.tests.GetCallBDD.hasSize(GetCallBDD.java:36)
at com.qa.rest.tests.GetCallBDD.hasSize(GetCallBDD.java:36)
at com.qa.rest.tests.GetCallBDD.hasSize(GetCallBDD.java:36)
at com.qa.rest.tests.GetCallBDD.hasSize(GetCallBDD.java:36)
at com.qa.rest.tests.GetCallBDD.hasSize(GetCallBDD.java:36)
at com.qa.rest.tests.GetCallBDD.hasSize(GetCallBDD.java:36)
at com.qa.rest.tests.GetCallBDD.hasSize(GetCallBDD.java:36)
at com.qa.rest.tests.GetCallBDD.hasSize(GetCallBDD.java:36)
at com.qa.rest.tests.GetCallBDD.hasSize(GetCallBDD.java:36)
at com.qa.rest.tests.GetCallBDD.hasSize(GetCallBDD.java:36)
at com.qa.rest.tests.GetCallBDD.hasSize(GetCallBDD.java:36)
at com.qa.rest.tests.GetCallBDD.hasSize(GetCallBDD.java:36)
at com.qa.rest.tests.GetCallBDD.hasSize(GetCallBDD.java:36)
at com.qa.rest.tests.GetCallBDD.hasSize(GetCallBDD.java:36)
at com.qa.rest.tests.GetCallBDD.hasSize(GetCallBDD.java:36)
at com.qa.rest.tests.GetCallBDD.hasSize(GetCallBDD.java:36)
at com.qa.rest.tests.GetCallBDD.hasSize(GetCallBDD.java:36)
at com.qa.rest.tests.GetCallBDD.hasSize(GetCallBDD.java:36)
at com.qa.rest.tests.GetCallBDD.hasSize(GetCallBDD.java:36)
at com.qa.rest.tests.GetCallBDD.hasSize(GetCallBDD.java:36)
at com.qa.rest.tests.GetCallBDD.hasSize(GetCallBDD.java:36)
at com.qa.rest.tests.GetCallBDD.hasSize(GetCallBDD.java:36)
at com.qa.rest.tests.GetCallBDD.hasSize(GetCallBDD.java:36)
at com.qa.rest.tests.GetCallBDD.hasSize(GetCallBDD.java:36)
at com.qa.rest.tests.GetCallBDD.hasSize(GetCallBDD.java:36)
at com.qa.rest.tests.GetCallBDD.hasSize(GetCallBDD.java:36)
at com.qa.rest.tests.GetCallBDD.hasSize(GetCallBDD.java:36)
at com.qa.rest.tests.GetCallBDD.hasSize(GetCallBDD.java:36)
at com.qa.rest.tests.GetCallBDD.hasSize(GetCallBDD.java:36)
at com.qa.rest.tests.GetCallBDD.hasSize(GetCallBDD.java:36)
at com.qa.rest.tests.GetCallBDD.hasSize(GetCallBDD.java:36)
at com.qa.rest.tests.GetCallBDD.hasSize(GetCallBDD.java:36)
at com.qa.rest.tests.GetCallBDD.hasSize(GetCallBDD.java:36)
at com.qa.rest.tests.GetCallBDD.hasSize(GetCallBDD.java:36)
at com.qa.rest.tests.GetCallBDD.hasSize(GetCallBDD.java:36)
at com.qa.rest.tests.GetCallBDD.hasSize(GetCallBDD.java:36)
at com.qa.rest.tests.GetCallBDD.hasSize(GetCallBDD.java:36)
at com.qa.rest.tests.GetCallBDD.hasSize(GetCallBDD.java:36)
at com.qa.rest.tests.GetCallBDD.hasSize(GetCallBDD.java:36)
at com.qa.rest.tests.GetCallBDD.hasSize(GetCallBDD.java:36)
at com.qa.rest.tests.GetCallBDD.hasSize(GetCallBDD.java:36)
at com.qa.rest.tests.GetCallBDD.hasSize(GetCallBDD.java:36)
at com.qa.rest.tests.GetCallBDD.hasSize(GetCallBDD.java:36)
at com.qa.rest.tests.GetCallBDD.hasSize(GetCallBDD.java:36)
at com.qa.rest.tests.GetCallBDD.hasSize(GetCallBDD.java:36)
at com.qa.rest.tests.GetCallBDD.hasSize(GetCallBDD.java:36)
at com.qa.rest.tests.GetCallBDD.hasSize(GetCallBDD.java:36)
at com.qa.rest.tests.GetCallBDD.hasSize(GetCallBDD.java:36)
at com.qa.rest.tests.GetCallBDD.hasSize(GetCallBDD.java:36)
at com.qa.rest.tests.GetCallBDD.hasSize(GetCallBDD.java:36)
at com.qa.rest.tests.GetCallBDD.hasSize(GetCallBDD.java:36)
at com.qa.rest.tests.GetCallBDD.hasSize(GetCallBDD.java:36)
at com.qa.rest.tests.GetCallBDD.hasSize(GetCallBDD.java:36)
at com.qa.rest.tests.GetCallBDD.hasSize(GetCallBDD.java:36)
at com.qa.rest.tests.GetCallBDD.hasSize(GetCallBDD.java:36)
at com.qa.rest.tests.GetCallBDD.hasSize(GetCallBDD.java:36)
at com.qa.rest.tests.GetCallBDD.hasSize(GetCallBDD.java:36)
at com.qa.rest.tests.GetCallBDD.hasSize(GetCallBDD.java:36)
at com.qa.rest.tests.GetCallBDD.hasSize(GetCallBDD.java:36)
at com.qa.rest.tests.GetCallBDD.hasSize(GetCallBDD.java:36)
at com.qa.rest.tests.GetCallBDD.hasSize(GetCallBDD.java:36)
at com.qa.rest.tests.GetCallBDD.hasSize(GetCallBDD.java:36)
at com.qa.rest.tests.GetCallBDD.hasSize(GetCallBDD.java:36)
at com.qa.rest.tests.GetCallBDD.hasSize(GetCallBDD.java:36)
at com.qa.rest.tests.GetCallBDD.hasSize(GetCallBDD.java:36)
at com.qa.rest.tests.GetCallBDD.hasSize(GetCallBDD.java:36)
at com.qa.rest.tests.GetCallBDD.hasSize(GetCallBDD.java:36)
at com.qa.rest.tests.GetCallBDD.hasSize(GetCallBDD.java:36)
at com.qa.rest.tests.GetCallBDD.hasSize(GetCallBDD.java:36)
at com.qa.rest.tests.GetCallBDD.hasSize(GetCallBDD.java:36)
at com.qa.rest.tests.GetCallBDD.hasSize(GetCallBDD.java:36)
at com.qa.rest.tests.GetCallBDD.hasSize(GetCallBDD.java:36)
at com.qa.rest.tests.GetCallBDD.hasSize(GetCallBDD.java:36)
at com.qa.rest.tests.GetCallBDD.hasSize(GetCallBDD.java:36)
at com.qa.rest.tests.GetCallBDD.hasSize(GetCallBDD.java:36)
at com.qa.rest.tests.GetCallBDD.hasSize(GetCallBDD.java:36)
at com.qa.rest.tests.GetCallBDD.hasSize(GetCallBDD.java:36)
at com.qa.rest.tests.GetCallBDD.hasSize(GetCallBDD.java:36)
at com.qa.rest.tests.GetCallBDD.hasSize(GetCallBDD.java:36)
at com.qa.rest.tests.GetCallBDD.hasSize(GetCallBDD.java:36)
at com.qa.rest.tests.GetCallBDD.hasSize(GetCallBDD.java:36)
at com.qa.rest.tests.GetCallBDD.hasSize(GetCallBDD.java:36)
at com.qa.rest.tests.GetCallBDD.hasSize(GetCallBDD.java:36)
at com.qa.rest.tests.GetCallBDD.hasSize(GetCallBDD.java:36)
at com.qa.rest.tests.GetCallBDD.hasSize(GetCallBDD.java:36)
at com.qa.rest.tests.GetCallBDD.hasSize(GetCallBDD.java:36)
at com.qa.rest.tests.GetCallBDD.hasSize(GetCallBDD.java:36)
at com.qa.rest.tests.GetCallBDD.hasSize(GetCallBDD.java:36)
at com.qa.rest.tests.GetCallBDD.hasSize(GetCallBDD.java:36)
at com.qa.rest.tests.GetCallBDD.hasSize(GetCallBDD.java:36)
at com.qa.rest.tests.GetCallBDD.hasSize(GetCallBDD.java:36)
at com.qa.rest.tests.GetCallBDD.hasSize(GetCallBDD.java:36)
at com.qa.rest.tests.GetCallBDD.hasSize(GetCallBDD.java:36)
at com.qa.rest.tests.GetCallBDD.hasSize(GetCallBDD.java:36)
at com.qa.rest.tests.GetCallBDD.hasSize(GetCallBDD.java:36)
at com.qa.rest.tests.GetCallBDD.hasSize(GetCallBDD.java:36)
at com.qa.rest.tests.GetCallBDD.hasSize(GetCallBDD.java:36)
at com.qa.rest.tests.GetCallBDD.hasSize(GetCallBDD.java:36)
at com.qa.rest.tests.GetCallBDD.hasSize(GetCallBDD.java:36)
at com.qa.rest.tests.GetCallBDD.hasSize(GetCallBDD.java:36)
at com.qa.rest.tests.GetCallBDD.hasSize(GetCallBDD.java:36)
at com.qa.rest.tests.GetCallBDD.hasSize(GetCallBDD.java:36)
at com.qa.rest.tests.GetCallBDD.hasSize(GetCallBDD.java:36)
at com.qa.rest.tests.GetCallBDD.hasSize(GetCallBDD.java:36)
at com.qa.rest.tests.GetCallBDD.hasSize(GetCallBDD.java:36)
at com.qa.rest.tests.GetCallBDD.hasSize(GetCallBDD.java:36)
at com.qa.rest.tests.GetCallBDD.hasSize(GetCallBDD.java:36)
at com.qa.rest.tests.GetCallBDD.hasSize(GetCallBDD.java:36)
at com.qa.rest.tests.GetCallBDD.hasSize(GetCallBDD.java:36)
at com.qa.rest.tests.GetCallBDD.hasSize(GetCallBDD.java:36)
at com.qa.rest.tests.GetCallBDD.hasSize(GetCallBDD.java:36)
at com.qa.rest.tests.GetCallBDD.hasSize(GetCallBDD.java:36)
at com.qa.rest.tests.GetCallBDD.hasSize(GetCallBDD.java:36)
at com.qa.rest.tests.GetCallBDD.hasSize(GetCallBDD.java:36)
at com.qa.rest.tests.GetCallBDD.hasSize(GetCallBDD.java:36)
at com.qa.rest.tests.GetCallBDD.hasSize(GetCallBDD.java:36)
at com.qa.rest.tests.GetCallBDD.hasSize(GetCallBDD.java:36)
at com.qa.rest.tests.GetCallBDD.hasSize(GetCallBDD.java:36)
at com.qa.rest.tests.GetCallBDD.hasSize(GetCallBDD.java:36)
at com.qa.rest.tests.GetCallBDD.hasSize(GetCallBDD.java:36)
at com.qa.rest.tests.GetCallBDD.hasSize(GetCallBDD.java:36)
at com.qa.rest.tests.GetCallBDD.hasSize(GetCallBDD.java:36)
at com.qa.rest.tests.GetCallBDD.hasSize(GetCallBDD.java:36)
at com.qa.rest.tests.GetCallBDD.hasSize(GetCallBDD.java:36)
at com.qa.rest.tests.GetCallBDD.hasSize(GetCallBDD.java:36)
at com.qa.rest.tests.GetCallBDD.hasSize(GetCallBDD.java:36)
at com.qa.rest.tests.GetCallBDD.hasSize(GetCallBDD.java:36)
at com.qa.rest.tests.GetCallBDD.hasSize(GetCallBDD.java:36)
at com.qa.rest.tests.GetCallBDD.hasSize(GetCallBDD.java:36)
at com.qa.rest.tests.GetCallBDD.hasSize(GetCallBDD.java:36)
at com.qa.rest.tests.GetCallBDD.hasSize(GetCallBDD.java:36)
at com.qa.rest.tests.GetCallBDD.hasSize(GetCallBDD.java:36)
at com.qa.rest.tests.GetCallBDD.hasSize(GetCallBDD.java:36)
at com.qa.rest.tests.GetCallBDD.hasSize(GetCallBDD.java:36)
at com.qa.rest.tests.GetCallBDD.hasSize(GetCallBDD.java:36)
at com.qa.rest.tests.GetCallBDD.hasSize(GetCallBDD.java:36)
at com.qa.rest.tests.GetCallBDD.hasSize(GetCallBDD.java:36)
]]>
    </failure>
  </testcase> <!-- test_numberOFCircutitsFor2017_Season -->
</testsuite> <!-- Default test -->
