<?xml version="1.0" encoding="UTF-8"?>
<testng-results skipped="0" failed="1" ignored="0" total="1" passed="0">
  <reporter-output>
  </reporter-output>
  <suite name="Default suite" duration-ms="2243" started-at="2018-12-23T11:38:40Z" finished-at="2018-12-23T11:38:42Z">
    <groups>
    </groups>
    <test name="Default test" duration-ms="2243" started-at="2018-12-23T11:38:40Z" finished-at="2018-12-23T11:38:42Z">
      <class name="com.qa.rest.tests.GetCallBDD">
        <test-method status="FAIL" signature="test_numberOFCircutitsFor2017_Season()[pri:0, instance:com.qa.rest.tests.GetCallBDD@2a5ca609]" name="test_numberOFCircutitsFor2017_Season" duration-ms="2184" started-at="2018-12-23T11:38:40Z" finished-at="2018-12-23T11:38:42Z">
          <exception class="java.lang.StackOverflowError">
            <full-stacktrace>
              <![CDATA[java.lang.StackOverflowError
at com.qa.rest.tests.GetCallBDD.hasSize(GetCallBDD.java:36)
at com.qa.rest.tests.GetCallBDD.hasSize(GetCallBDD.java:36)
at com.qa.rest.tests.GetCallBDD.hasSize(GetCallBDD.java:36)
at com.qa.rest.tests.GetCallBDD.hasSize(GetCallBDD.java:36)
at com.qa.rest.tests.GetCallBDD.hasSize(GetCallBDD.java:36)
at com.qa.rest.tests.GetCallBDD.hasSize(GetCallBDD.java:36)
at com.qa.rest.tests.GetCallBDD.hasSize(GetCallBDD.java:36)
at com.qa.rest.tests.GetCallBDD.hasSize(GetCallBDD.java:36)
at com.qa.rest.tests.GetCallBDD.hasSize(GetCallBDD.java:36)
at com.qa.rest.tests.GetCallBDD.hasSize(GetCallBDD.java:36)
at com.qa.rest.tests.GetCallBDD.hasSize(GetCallBDD.java:36)
at com.qa.rest.tests.GetCallBDD.hasSize(GetCallBDD.java:36)
at com.qa.rest.tests.GetCallBDD.hasSize(GetCallBDD.java:36)
at com.qa.rest.tests.GetCallBDD.hasSize(GetCallBDD.java:36)
at com.qa.rest.tests.GetCallBDD.hasSize(GetCallBDD.java:36)
at com.qa.rest.tests.GetCallBDD.hasSize(GetCallBDD.java:36)
at com.qa.rest.tests.GetCallBDD.hasSize(GetCallBDD.java:36)
at com.qa.rest.tests.GetCallBDD.hasSize(GetCallBDD.java:36)
at com.qa.rest.tests.GetCallBDD.hasSize(GetCallBDD.java:36)
at com.qa.rest.tests.GetCallBDD.hasSize(GetCallBDD.java:36)
at com.qa.rest.tests.GetCallBDD.hasSize(GetCallBDD.java:36)
at com.qa.rest.tests.GetCallBDD.hasSize(GetCallBDD.java:36)
at com.qa.rest.tests.GetCallBDD.hasSize(GetCallBDD.java:36)
at com.qa.rest.tests.GetCallBDD.hasSize(GetCallBDD.java:36)
at com.qa.rest.tests.GetCallBDD.hasSize(GetCallBDD.java:36)
at com.qa.rest.tests.GetCallBDD.hasSize(GetCallBDD.java:36)
at com.qa.rest.tests.GetCallBDD.hasSize(GetCallBDD.java:36)
at com.qa.rest.tests.GetCallBDD.hasSize(GetCallBDD.java:36)
at com.qa.rest.tests.GetCallBDD.hasSize(GetCallBDD.java:36)
at com.qa.rest.tests.GetCallBDD.hasSize(GetCallBDD.java:36)
at com.qa.rest.tests.GetCallBDD.hasSize(GetCallBDD.java:36)
at com.qa.rest.tests.GetCallBDD.hasSize(GetCallBDD.java:36)
at com.qa.rest.tests.GetCallBDD.hasSize(GetCallBDD.java:36)
at com.qa.rest.tests.GetCallBDD.hasSize(GetCallBDD.java:36)
at com.qa.rest.tests.GetCallBDD.hasSize(GetCallBDD.java:36)
at com.qa.rest.tests.GetCallBDD.hasSize(GetCallBDD.java:36)
at com.qa.rest.tests.GetCallBDD.hasSize(GetCallBDD.java:36)
at com.qa.rest.tests.GetCallBDD.hasSize(GetCallBDD.java:36)
at com.qa.rest.tests.GetCallBDD.hasSize(GetCallBDD.java:36)
at com.qa.rest.tests.GetCallBDD.hasSize(GetCallBDD.java:36)
at com.qa.rest.tests.GetCallBDD.hasSize(GetCallBDD.java:36)
at com.qa.rest.tests.GetCallBDD.hasSize(GetCallBDD.java:36)
at com.qa.rest.tests.GetCallBDD.hasSize(GetCallBDD.java:36)
at com.qa.rest.tests.GetCallBDD.hasSize(GetCallBDD.java:36)
at com.qa.rest.tests.GetCallBDD.hasSize(GetCallBDD.java:36)
at com.qa.rest.tests.GetCallBDD.hasSize(GetCallBDD.java:36)
at com.qa.rest.tests.GetCallBDD.hasSize(GetCallBDD.java:36)
at com.qa.rest.tests.GetCallBDD.hasSize(GetCallBDD.java:36)
at com.qa.rest.tests.GetCallBDD.hasSize(GetCallBDD.java:36)
at com.qa.rest.tests.GetCallBDD.hasSize(GetCallBDD.java:36)
at com.qa.rest.tests.GetCallBDD.hasSize(GetCallBDD.java:36)
at com.qa.rest.tests.GetCallBDD.hasSize(GetCallBDD.java:36)
at com.qa.rest.tests.GetCallBDD.hasSize(GetCallBDD.java:36)
at com.qa.rest.tests.GetCallBDD.hasSize(GetCallBDD.java:36)
at com.qa.rest.tests.GetCallBDD.hasSize(GetCallBDD.java:36)
at com.qa.rest.tests.GetCallBDD.hasSize(GetCallBDD.java:36)
at com.qa.rest.tests.GetCallBDD.hasSize(GetCallBDD.java:36)
at com.qa.rest.tests.GetCallBDD.hasSize(GetCallBDD.java:36)
at com.qa.rest.tests.GetCallBDD.hasSize(GetCallBDD.java:36)
at com.qa.rest.tests.GetCallBDD.hasSize(GetCallBDD.java:36)
at com.qa.rest.tests.GetCallBDD.hasSize(GetCallBDD.java:36)
at com.qa.rest.tests.GetCallBDD.hasSize(GetCallBDD.java:36)
at com.qa.rest.tests.GetCallBDD.hasSize(GetCallBDD.java:36)
at com.qa.rest.tests.GetCallBDD.hasSize(GetCallBDD.java:36)
at com.qa.rest.tests.GetCallBDD.hasSize(GetCallBDD.java:36)
at com.qa.rest.tests.GetCallBDD.hasSize(GetCallBDD.java:36)
at com.qa.rest.tests.GetCallBDD.hasSize(GetCallBDD.java:36)
at com.qa.rest.tests.GetCallBDD.hasSize(GetCallBDD.java:36)
at com.qa.rest.tests.GetCallBDD.hasSize(GetCallBDD.java:36)
at com.qa.rest.tests.GetCallBDD.hasSize(GetCallBDD.java:36)
at com.qa.rest.tests.GetCallBDD.hasSize(GetCallBDD.java:36)
at com.qa.rest.tests.GetCallBDD.hasSize(GetCallBDD.java:36)
at com.qa.rest.tests.GetCallBDD.hasSize(GetCallBDD.java:36)
at com.qa.rest.tests.GetCallBDD.hasSize(GetCallBDD.java:36)
at com.qa.rest.tests.GetCallBDD.hasSize(GetCallBDD.java:36)
at com.qa.rest.tests.GetCallBDD.hasSize(GetCallBDD.java:36)
at com.qa.rest.tests.GetCallBDD.hasSize(GetCallBDD.java:36)
at com.qa.rest.tests.GetCallBDD.hasSize(GetCallBDD.java:36)
at com.qa.rest.tests.GetCallBDD.hasSize(GetCallBDD.java:36)
at com.qa.rest.tests.GetCallBDD.hasSize(GetCallBDD.java:36)
at com.qa.rest.tests.GetCallBDD.hasSize(GetCallBDD.java:36)
at com.qa.rest.tests.GetCallBDD.hasSize(GetCallBDD.java:36)
at com.qa.rest.tests.GetCallBDD.hasSize(GetCallBDD.java:36)
at com.qa.rest.tests.GetCallBDD.hasSize(GetCallBDD.java:36)
at com.qa.rest.tests.GetCallBDD.hasSize(GetCallBDD.java:36)
at com.qa.rest.tests.GetCallBDD.hasSize(GetCallBDD.java:36)
at com.qa.rest.tests.GetCallBDD.hasSize(GetCallBDD.java:36)
at com.qa.rest.tests.GetCallBDD.hasSize(GetCallBDD.java:36)
at com.qa.rest.tests.GetCallBDD.hasSize(GetCallBDD.java:36)
at com.qa.rest.tests.GetCallBDD.hasSize(GetCallBDD.java:36)
at com.qa.rest.tests.GetCallBDD.hasSize(GetCallBDD.java:36)
at com.qa.rest.tests.GetCallBDD.hasSize(GetCallBDD.java:36)
at com.qa.rest.tests.GetCallBDD.hasSize(GetCallBDD.java:36)
at com.qa.rest.tests.GetCallBDD.hasSize(GetCallBDD.java:36)
at com.qa.rest.tests.GetCallBDD.hasSize(GetCallBDD.java:36)
at com.qa.rest.tests.GetCallBDD.hasSize(GetCallBDD.java:36)
at com.qa.rest.tests.GetCallBDD.hasSize(GetCallBDD.java:36)
at com.qa.rest.tests.GetCallBDD.hasSize(GetCallBDD.java:36)
at com.qa.rest.tests.GetCallBDD.hasSize(GetCallBDD.java:36)
at com.qa.rest.tests.GetCallBDD.hasSize(GetCallBDD.java:36)
at com.qa.rest.tests.GetCallBDD.hasSize(GetCallBDD.java:36)
at com.qa.rest.tests.GetCallBDD.hasSize(GetCallBDD.java:36)
at com.qa.rest.tests.GetCallBDD.hasSize(GetCallBDD.java:36)
at com.qa.rest.tests.GetCallBDD.hasSize(GetCallBDD.java:36)
at com.qa.rest.tests.GetCallBDD.hasSize(GetCallBDD.java:36)
at com.qa.rest.tests.GetCallBDD.hasSize(GetCallBDD.java:36)
at com.qa.rest.tests.GetCallBDD.hasSize(GetCallBDD.java:36)
at com.qa.rest.tests.GetCallBDD.hasSize(GetCallBDD.java:36)
at com.qa.rest.tests.GetCallBDD.hasSize(GetCallBDD.java:36)
at com.qa.rest.tests.GetCallBDD.hasSize(GetCallBDD.java:36)
at com.qa.rest.tests.GetCallBDD.hasSize(GetCallBDD.java:36)
at com.qa.rest.tests.GetCallBDD.hasSize(GetCallBDD.java:36)
at com.qa.rest.tests.GetCallBDD.hasSize(GetCallBDD.java:36)
at com.qa.rest.tests.GetCallBDD.hasSize(GetCallBDD.java:36)
at com.qa.rest.tests.GetCallBDD.hasSize(GetCallBDD.java:36)
at com.qa.rest.tests.GetCallBDD.hasSize(GetCallBDD.java:36)
at com.qa.rest.tests.GetCallBDD.hasSize(GetCallBDD.java:36)
at com.qa.rest.tests.GetCallBDD.hasSize(GetCallBDD.java:36)
at com.qa.rest.tests.GetCallBDD.hasSize(GetCallBDD.java:36)
at com.qa.rest.tests.GetCallBDD.hasSize(GetCallBDD.java:36)
at com.qa.rest.tests.GetCallBDD.hasSize(GetCallBDD.java:36)
at com.qa.rest.tests.GetCallBDD.hasSize(GetCallBDD.java:36)
at com.qa.rest.tests.GetCallBDD.hasSize(GetCallBDD.java:36)
at com.qa.rest.tests.GetCallBDD.hasSize(GetCallBDD.java:36)
at com.qa.rest.tests.GetCallBDD.hasSize(GetCallBDD.java:36)
at com.qa.rest.tests.GetCallBDD.hasSize(GetCallBDD.java:36)
at com.qa.rest.tests.GetCallBDD.hasSize(GetCallBDD.java:36)
at com.qa.rest.tests.GetCallBDD.hasSize(GetCallBDD.java:36)
at com.qa.rest.tests.GetCallBDD.hasSize(GetCallBDD.java:36)
at com.qa.rest.tests.GetCallBDD.hasSize(GetCallBDD.java:36)
at com.qa.rest.tests.GetCallBDD.hasSize(GetCallBDD.java:36)
at com.qa.rest.tests.GetCallBDD.hasSize(GetCallBDD.java:36)
at com.qa.rest.tests.GetCallBDD.hasSize(GetCallBDD.java:36)
at com.qa.rest.tests.GetCallBDD.hasSize(GetCallBDD.java:36)
at com.qa.rest.tests.GetCallBDD.hasSize(GetCallBDD.java:36)
at com.qa.rest.tests.GetCallBDD.hasSize(GetCallBDD.java:36)
at com.qa.rest.tests.GetCallBDD.hasSize(GetCallBDD.java:36)
at com.qa.rest.tests.GetCallBDD.hasSize(GetCallBDD.java:36)
at com.qa.rest.tests.GetCallBDD.hasSize(GetCallBDD.java:36)
at com.qa.rest.tests.GetCallBDD.hasSize(GetCallBDD.java:36)
at com.qa.rest.tests.GetCallBDD.hasSize(GetCallBDD.java:36)
at com.qa.rest.tests.GetCallBDD.hasSize(GetCallBDD.java:36)
at com.qa.rest.tests.GetCallBDD.hasSize(GetCallBDD.java:36)
at com.qa.rest.tests.GetCallBDD.hasSize(GetCallBDD.java:36)
at com.qa.rest.tests.GetCallBDD.hasSize(GetCallBDD.java:36)
at com.qa.rest.tests.GetCallBDD.hasSize(GetCallBDD.java:36)
at com.qa.rest.tests.GetCallBDD.hasSize(GetCallBDD.java:36)
at com.qa.rest.tests.GetCallBDD.hasSize(GetCallBDD.java:36)
at com.qa.rest.tests.GetCallBDD.hasSize(GetCallBDD.java:36)
at com.qa.rest.tests.GetCallBDD.hasSize(GetCallBDD.java:36)
at com.qa.rest.tests.GetCallBDD.hasSize(GetCallBDD.java:36)
at com.qa.rest.tests.GetCallBDD.hasSize(GetCallBDD.java:36)
at com.qa.rest.tests.GetCallBDD.hasSize(GetCallBDD.java:36)
at com.qa.rest.tests.GetCallBDD.hasSize(GetCallBDD.java:36)
at com.qa.rest.tests.GetCallBDD.hasSize(GetCallBDD.java:36)
at com.qa.rest.tests.GetCallBDD.hasSize(GetCallBDD.java:36)
at com.qa.rest.tests.GetCallBDD.hasSize(GetCallBDD.java:36)
at com.qa.rest.tests.GetCallBDD.hasSize(GetCallBDD.java:36)
at com.qa.rest.tests.GetCallBDD.hasSize(GetCallBDD.java:36)
at com.qa.rest.tests.GetCallBDD.hasSize(GetCallBDD.java:36)
at com.qa.rest.tests.GetCallBDD.hasSize(GetCallBDD.java:36)
at com.qa.rest.tests.GetCallBDD.hasSize(GetCallBDD.java:36)
at com.qa.rest.tests.GetCallBDD.hasSize(GetCallBDD.java:36)
at com.qa.rest.tests.GetCallBDD.hasSize(GetCallBDD.java:36)
at com.qa.rest.tests.GetCallBDD.hasSize(GetCallBDD.java:36)
at com.qa.rest.tests.GetCallBDD.hasSize(GetCallBDD.java:36)
at com.qa.rest.tests.GetCallBDD.hasSize(GetCallBDD.java:36)
at com.qa.rest.tests.GetCallBDD.hasSize(GetCallBDD.java:36)
at com.qa.rest.tests.GetCallBDD.hasSize(GetCallBDD.java:36)
at com.qa.rest.tests.GetCallBDD.hasSize(GetCallBDD.java:36)
at com.qa.rest.tests.GetCallBDD.hasSize(GetCallBDD.java:36)
at com.qa.rest.tests.GetCallBDD.hasSize(GetCallBDD.java:36)
at com.qa.rest.tests.GetCallBDD.hasSize(GetCallBDD.java:36)
at com.qa.rest.tests.GetCallBDD.hasSize(GetCallBDD.java:36)
at com.qa.rest.tests.GetCallBDD.hasSize(GetCallBDD.java:36)
at com.qa.rest.tests.GetCallBDD.hasSize(GetCallBDD.java:36)
at com.qa.rest.tests.GetCallBDD.hasSize(GetCallBDD.java:36)
at com.qa.rest.tests.GetCallBDD.hasSize(GetCallBDD.java:36)
at com.qa.rest.tests.GetCallBDD.hasSize(GetCallBDD.java:36)
at com.qa.rest.tests.GetCallBDD.hasSize(GetCallBDD.java:36)
at com.qa.rest.tests.GetCallBDD.hasSize(GetCallBDD.java:36)
at com.qa.rest.tests.GetCallBDD.hasSize(GetCallBDD.java:36)
at com.qa.rest.tests.GetCallBDD.hasSize(GetCallBDD.java:36)
at com.qa.rest.tests.GetCallBDD.hasSize(GetCallBDD.java:36)
at com.qa.rest.tests.GetCallBDD.hasSize(GetCallBDD.java:36)
at com.qa.rest.tests.GetCallBDD.hasSize(GetCallBDD.java:36)
at com.qa.rest.tests.GetCallBDD.hasSize(GetCallBDD.java:36)
at com.qa.rest.tests.GetCallBDD.hasSize(GetCallBDD.java:36)
at com.qa.rest.tests.GetCallBDD.hasSize(GetCallBDD.java:36)
at com.qa.rest.tests.GetCallBDD.hasSize(GetCallBDD.java:36)
at com.qa.rest.tests.GetCallBDD.hasSize(GetCallBDD.java:36)
at com.qa.rest.tests.GetCallBDD.hasSize(GetCallBDD.java:36)
at com.qa.rest.tests.GetCallBDD.hasSize(GetCallBDD.java:36)
at com.qa.rest.tests.GetCallBDD.hasSize(GetCallBDD.java:36)
at com.qa.rest.tests.GetCallBDD.hasSize(GetCallBDD.java:36)
at com.qa.rest.tests.GetCallBDD.hasSize(GetCallBDD.java:36)
at com.qa.rest.tests.GetCallBDD.hasSize(GetCallBDD.java:36)
at com.qa.rest.tests.GetCallBDD.hasSize(GetCallBDD.java:36)
at com.qa.rest.tests.GetCallBDD.hasSize(GetCallBDD.java:36)
at com.qa.rest.tests.GetCallBDD.hasSize(GetCallBDD.java:36)
at com.qa.rest.tests.GetCallBDD.hasSize(GetCallBDD.java:36)
at com.qa.rest.tests.GetCallBDD.hasSize(GetCallBDD.java:36)
at com.qa.rest.tests.GetCallBDD.hasSize(GetCallBDD.java:36)
at com.qa.rest.tests.GetCallBDD.hasSize(GetCallBDD.java:36)
at com.qa.rest.tests.GetCallBDD.hasSize(GetCallBDD.java:36)
at com.qa.rest.tests.GetCallBDD.hasSize(GetCallBDD.java:36)
at com.qa.rest.tests.GetCallBDD.hasSize(GetCallBDD.java:36)
at com.qa.rest.tests.GetCallBDD.hasSize(GetCallBDD.java:36)
at com.qa.rest.tests.GetCallBDD.hasSize(GetCallBDD.java:36)
at com.qa.rest.tests.GetCallBDD.hasSize(GetCallBDD.java:36)
at com.qa.rest.tests.GetCallBDD.hasSize(GetCallBDD.java:36)
at com.qa.rest.tests.GetCallBDD.hasSize(GetCallBDD.java:36)
at com.qa.rest.tests.GetCallBDD.hasSize(GetCallBDD.java:36)
at com.qa.rest.tests.GetCallBDD.hasSize(GetCallBDD.java:36)
at com.qa.rest.tests.GetCallBDD.hasSize(GetCallBDD.java:36)
at com.qa.rest.tests.GetCallBDD.hasSize(GetCallBDD.java:36)
at com.qa.rest.tests.GetCallBDD.hasSize(GetCallBDD.java:36)
at com.qa.rest.tests.GetCallBDD.hasSize(GetCallBDD.java:36)
at com.qa.rest.tests.GetCallBDD.hasSize(GetCallBDD.java:36)
at com.qa.rest.tests.GetCallBDD.hasSize(GetCallBDD.java:36)
at com.qa.rest.tests.GetCallBDD.hasSize(GetCallBDD.java:36)
at com.qa.rest.tests.GetCallBDD.hasSize(GetCallBDD.java:36)
at com.qa.rest.tests.GetCallBDD.hasSize(GetCallBDD.java:36)
at com.qa.rest.tests.GetCallBDD.hasSize(GetCallBDD.java:36)
at com.qa.rest.tests.GetCallBDD.hasSize(GetCallBDD.java:36)
at com.qa.rest.tests.GetCallBDD.hasSize(GetCallBDD.java:36)
at com.qa.rest.tests.GetCallBDD.hasSize(GetCallBDD.java:36)
at com.qa.rest.tests.GetCallBDD.hasSize(GetCallBDD.java:36)
at com.qa.rest.tests.GetCallBDD.hasSize(GetCallBDD.java:36)
at com.qa.rest.tests.GetCallBDD.hasSize(GetCallBDD.java:36)
at com.qa.rest.tests.GetCallBDD.hasSize(GetCallBDD.java:36)
at com.qa.rest.tests.GetCallBDD.hasSize(GetCallBDD.java:36)
at com.qa.rest.tests.GetCallBDD.hasSize(GetCallBDD.java:36)
at com.qa.rest.tests.GetCallBDD.hasSize(GetCallBDD.java:36)
at com.qa.rest.tests.GetCallBDD.hasSize(GetCallBDD.java:36)
at com.qa.rest.tests.GetCallBDD.hasSize(GetCallBDD.java:36)
at com.qa.rest.tests.GetCallBDD.hasSize(GetCallBDD.java:36)
at com.qa.rest.tests.GetCallBDD.hasSize(GetCallBDD.java:36)
at com.qa.rest.tests.GetCallBDD.hasSize(GetCallBDD.java:36)
at com.qa.rest.tests.GetCallBDD.hasSize(GetCallBDD.java:36)
at com.qa.rest.tests.GetCallBDD.hasSize(GetCallBDD.java:36)
at com.qa.rest.tests.GetCallBDD.hasSize(GetCallBDD.java:36)
at com.qa.rest.tests.GetCallBDD.hasSize(GetCallBDD.java:36)
at com.qa.rest.tests.GetCallBDD.hasSize(GetCallBDD.java:36)
at com.qa.rest.tests.GetCallBDD.hasSize(GetCallBDD.java:36)
at com.qa.rest.tests.GetCallBDD.hasSize(GetCallBDD.java:36)
at com.qa.rest.tests.GetCallBDD.hasSize(GetCallBDD.java:36)
at com.qa.rest.tests.GetCallBDD.hasSize(GetCallBDD.java:36)
at com.qa.rest.tests.GetCallBDD.hasSize(GetCallBDD.java:36)
at com.qa.rest.tests.GetCallBDD.hasSize(GetCallBDD.java:36)
at com.qa.rest.tests.GetCallBDD.hasSize(GetCallBDD.java:36)
at com.qa.rest.tests.GetCallBDD.hasSize(GetCallBDD.java:36)
at com.qa.rest.tests.GetCallBDD.hasSize(GetCallBDD.java:36)
at com.qa.rest.tests.GetCallBDD.hasSize(GetCallBDD.java:36)
at com.qa.rest.tests.GetCallBDD.hasSize(GetCallBDD.java:36)
at com.qa.rest.tests.GetCallBDD.hasSize(GetCallBDD.java:36)
at com.qa.rest.tests.GetCallBDD.hasSize(GetCallBDD.java:36)
at com.qa.rest.tests.GetCallBDD.hasSize(GetCallBDD.java:36)
at com.qa.rest.tests.GetCallBDD.hasSize(GetCallBDD.java:36)
at com.qa.rest.tests.GetCallBDD.hasSize(GetCallBDD.java:36)
at com.qa.rest.tests.GetCallBDD.hasSize(GetCallBDD.java:36)
at com.qa.rest.tests.GetCallBDD.hasSize(GetCallBDD.java:36)
at com.qa.rest.tests.GetCallBDD.hasSize(GetCallBDD.java:36)
at com.qa.rest.tests.GetCallBDD.hasSize(GetCallBDD.java:36)
at com.qa.rest.tests.GetCallBDD.hasSize(GetCallBDD.java:36)
at com.qa.rest.tests.GetCallBDD.hasSize(GetCallBDD.java:36)
at com.qa.rest.tests.GetCallBDD.hasSize(GetCallBDD.java:36)
at com.qa.rest.tests.GetCallBDD.hasSize(GetCallBDD.java:36)
at com.qa.rest.tests.GetCallBDD.hasSize(GetCallBDD.java:36)
at com.qa.rest.tests.GetCallBDD.hasSize(GetCallBDD.java:36)
at com.qa.rest.tests.GetCallBDD.hasSize(GetCallBDD.java:36)
at com.qa.rest.tests.GetCallBDD.hasSize(GetCallBDD.java:36)
at com.qa.rest.tests.GetCallBDD.hasSize(GetCallBDD.java:36)
at com.qa.rest.tests.GetCallBDD.hasSize(GetCallBDD.java:36)
at com.qa.rest.tests.GetCallBDD.hasSize(GetCallBDD.java:36)
at com.qa.rest.tests.GetCallBDD.hasSize(GetCallBDD.java:36)
at com.qa.rest.tests.GetCallBDD.hasSize(GetCallBDD.java:36)
at com.qa.rest.tests.GetCallBDD.hasSize(GetCallBDD.java:36)
at com.qa.rest.tests.GetCallBDD.hasSize(GetCallBDD.java:36)
at com.qa.rest.tests.GetCallBDD.hasSize(GetCallBDD.java:36)
at com.qa.rest.tests.GetCallBDD.hasSize(GetCallBDD.java:36)
at com.qa.rest.tests.GetCallBDD.hasSize(GetCallBDD.java:36)
at com.qa.rest.tests.GetCallBDD.hasSize(GetCallBDD.java:36)
at com.qa.rest.tests.GetCallBDD.hasSize(GetCallBDD.java:36)
at com.qa.rest.tests.GetCallBDD.hasSize(GetCallBDD.java:36)
at com.qa.rest.tests.GetCallBDD.hasSize(GetCallBDD.java:36)
at com.qa.rest.tests.GetCallBDD.hasSize(GetCallBDD.java:36)
at com.qa.rest.tests.GetCallBDD.hasSize(GetCallBDD.java:36)
at com.qa.rest.tests.GetCallBDD.hasSize(GetCallBDD.java:36)
at com.qa.rest.tests.GetCallBDD.hasSize(GetCallBDD.java:36)
at com.qa.rest.tests.GetCallBDD.hasSize(GetCallBDD.java:36)
at com.qa.rest.tests.GetCallBDD.hasSize(GetCallBDD.java:36)
at com.qa.rest.tests.GetCallBDD.hasSize(GetCallBDD.java:36)
at com.qa.rest.tests.GetCallBDD.hasSize(GetCallBDD.java:36)
at com.qa.rest.tests.GetCallBDD.hasSize(GetCallBDD.java:36)
at com.qa.rest.tests.GetCallBDD.hasSize(GetCallBDD.java:36)
at com.qa.rest.tests.GetCallBDD.hasSize(GetCallBDD.java:36)
at com.qa.rest.tests.GetCallBDD.hasSize(GetCallBDD.java:36)
at com.qa.rest.tests.GetCallBDD.hasSize(GetCallBDD.java:36)
at com.qa.rest.tests.GetCallBDD.hasSize(GetCallBDD.java:36)
at com.qa.rest.tests.GetCallBDD.hasSize(GetCallBDD.java:36)
at com.qa.rest.tests.GetCallBDD.hasSize(GetCallBDD.java:36)
at com.qa.rest.tests.GetCallBDD.hasSize(GetCallBDD.java:36)
at com.qa.rest.tests.GetCallBDD.hasSize(GetCallBDD.java:36)
at com.qa.rest.tests.GetCallBDD.hasSize(GetCallBDD.java:36)
at com.qa.rest.tests.GetCallBDD.hasSize(GetCallBDD.java:36)
at com.qa.rest.tests.GetCallBDD.hasSize(GetCallBDD.java:36)
at com.qa.rest.tests.GetCallBDD.hasSize(GetCallBDD.java:36)
at com.qa.rest.tests.GetCallBDD.hasSize(GetCallBDD.java:36)
at com.qa.rest.tests.GetCallBDD.hasSize(GetCallBDD.java:36)
at com.qa.rest.tests.GetCallBDD.hasSize(GetCallBDD.java:36)
at com.qa.rest.tests.GetCallBDD.hasSize(GetCallBDD.java:36)
at com.qa.rest.tests.GetCallBDD.hasSize(GetCallBDD.java:36)
at com.qa.rest.tests.GetCallBDD.hasSize(GetCallBDD.java:36)
at com.qa.rest.tests.GetCallBDD.hasSize(GetCallBDD.java:36)
at com.qa.rest.tests.GetCallBDD.hasSize(GetCallBDD.java:36)
at com.qa.rest.tests.GetCallBDD.hasSize(GetCallBDD.java:36)
at com.qa.rest.tests.GetCallBDD.hasSize(GetCallBDD.java:36)
at com.qa.rest.tests.GetCallBDD.hasSize(GetCallBDD.java:36)
at com.qa.rest.tests.GetCallBDD.hasSize(GetCallBDD.java:36)
at com.qa.rest.tests.GetCallBDD.hasSize(GetCallBDD.java:36)
at com.qa.rest.tests.GetCallBDD.hasSize(GetCallBDD.java:36)
at com.qa.rest.tests.GetCallBDD.hasSize(GetCallBDD.java:36)
at com.qa.rest.tests.GetCallBDD.hasSize(GetCallBDD.java:36)
at com.qa.rest.tests.GetCallBDD.hasSize(GetCallBDD.java:36)
at com.qa.rest.tests.GetCallBDD.hasSize(GetCallBDD.java:36)
at com.qa.rest.tests.GetCallBDD.hasSize(GetCallBDD.java:36)
at com.qa.rest.tests.GetCallBDD.hasSize(GetCallBDD.java:36)
at com.qa.rest.tests.GetCallBDD.hasSize(GetCallBDD.java:36)
at com.qa.rest.tests.GetCallBDD.hasSize(GetCallBDD.java:36)
at com.qa.rest.tests.GetCallBDD.hasSize(GetCallBDD.java:36)
at com.qa.rest.tests.GetCallBDD.hasSize(GetCallBDD.java:36)
at com.qa.rest.tests.GetCallBDD.hasSize(GetCallBDD.java:36)
at com.qa.rest.tests.GetCallBDD.hasSize(GetCallBDD.java:36)
at com.qa.rest.tests.GetCallBDD.hasSize(GetCallBDD.java:36)
at com.qa.rest.tests.GetCallBDD.hasSize(GetCallBDD.java:36)
at com.qa.rest.tests.GetCallBDD.hasSize(GetCallBDD.java:36)
at com.qa.rest.tests.GetCallBDD.hasSize(GetCallBDD.java:36)
at com.qa.rest.tests.GetCallBDD.hasSize(GetCallBDD.java:36)
at com.qa.rest.tests.GetCallBDD.hasSize(GetCallBDD.java:36)
at com.qa.rest.tests.GetCallBDD.hasSize(GetCallBDD.java:36)
at com.qa.rest.tests.GetCallBDD.hasSize(GetCallBDD.java:36)
at com.qa.rest.tests.GetCallBDD.hasSize(GetCallBDD.java:36)
at com.qa.rest.tests.GetCallBDD.hasSize(GetCallBDD.java:36)
at com.qa.rest.tests.GetCallBDD.hasSize(GetCallBDD.java:36)
at com.qa.rest.tests.GetCallBDD.hasSize(GetCallBDD.java:36)
at com.qa.rest.tests.GetCallBDD.hasSize(GetCallBDD.java:36)
at com.qa.rest.tests.GetCallBDD.hasSize(GetCallBDD.java:36)
at com.qa.rest.tests.GetCallBDD.hasSize(GetCallBDD.java:36)
at com.qa.rest.tests.GetCallBDD.hasSize(GetCallBDD.java:36)
at com.qa.rest.tests.GetCallBDD.hasSize(GetCallBDD.java:36)
at com.qa.rest.tests.GetCallBDD.hasSize(GetCallBDD.java:36)
at com.qa.rest.tests.GetCallBDD.hasSize(GetCallBDD.java:36)
at com.qa.rest.tests.GetCallBDD.hasSize(GetCallBDD.java:36)
at com.qa.rest.tests.GetCallBDD.hasSize(GetCallBDD.java:36)
at com.qa.rest.tests.GetCallBDD.hasSize(GetCallBDD.java:36)
at com.qa.rest.tests.GetCallBDD.hasSize(GetCallBDD.java:36)
at com.qa.rest.tests.GetCallBDD.hasSize(GetCallBDD.java:36)
at com.qa.rest.tests.GetCallBDD.hasSize(GetCallBDD.java:36)
at com.qa.rest.tests.GetCallBDD.hasSize(GetCallBDD.java:36)
at com.qa.rest.tests.GetCallBDD.hasSize(GetCallBDD.java:36)
at com.qa.rest.tests.GetCallBDD.hasSize(GetCallBDD.java:36)
at com.qa.rest.tests.GetCallBDD.hasSize(GetCallBDD.java:36)
at com.qa.rest.tests.GetCallBDD.hasSize(GetCallBDD.java:36)
at com.qa.rest.tests.GetCallBDD.hasSize(GetCallBDD.java:36)
at com.qa.rest.tests.GetCallBDD.hasSize(GetCallBDD.java:36)
at com.qa.rest.tests.GetCallBDD.hasSize(GetCallBDD.java:36)
at com.qa.rest.tests.GetCallBDD.hasSize(GetCallBDD.java:36)
at com.qa.rest.tests.GetCallBDD.hasSize(GetCallBDD.java:36)
at com.qa.rest.tests.GetCallBDD.hasSize(GetCallBDD.java:36)
at com.qa.rest.tests.GetCallBDD.hasSize(GetCallBDD.java:36)
at com.qa.rest.tests.GetCallBDD.hasSize(GetCallBDD.java:36)
at com.qa.rest.tests.GetCallBDD.hasSize(GetCallBDD.java:36)
at com.qa.rest.tests.GetCallBDD.hasSize(GetCallBDD.java:36)
at com.qa.rest.tests.GetCallBDD.hasSize(GetCallBDD.java:36)
at com.qa.rest.tests.GetCallBDD.hasSize(GetCallBDD.java:36)
at com.qa.rest.tests.GetCallBDD.hasSize(GetCallBDD.java:36)
at com.qa.rest.tests.GetCallBDD.hasSize(GetCallBDD.java:36)
at com.qa.rest.tests.GetCallBDD.hasSize(GetCallBDD.java:36)
at com.qa.rest.tests.GetCallBDD.hasSize(GetCallBDD.java:36)
at com.qa.rest.tests.GetCallBDD.hasSize(GetCallBDD.java:36)
at com.qa.rest.tests.GetCallBDD.hasSize(GetCallBDD.java:36)
at com.qa.rest.tests.GetCallBDD.hasSize(GetCallBDD.java:36)
at com.qa.rest.tests.GetCallBDD.hasSize(GetCallBDD.java:36)
at com.qa.rest.tests.GetCallBDD.hasSize(GetCallBDD.java:36)
at com.qa.rest.tests.GetCallBDD.hasSize(GetCallBDD.java:36)
at com.qa.rest.tests.GetCallBDD.hasSize(GetCallBDD.java:36)
at com.qa.rest.tests.GetCallBDD.hasSize(GetCallBDD.java:36)
at com.qa.rest.tests.GetCallBDD.hasSize(GetCallBDD.java:36)
at com.qa.rest.tests.GetCallBDD.hasSize(GetCallBDD.java:36)
at com.qa.rest.tests.GetCallBDD.hasSize(GetCallBDD.java:36)
at com.qa.rest.tests.GetCallBDD.hasSize(GetCallBDD.java:36)
at com.qa.rest.tests.GetCallBDD.hasSize(GetCallBDD.java:36)
at com.qa.rest.tests.GetCallBDD.hasSize(GetCallBDD.java:36)
at com.qa.rest.tests.GetCallBDD.hasSize(GetCallBDD.java:36)
at com.qa.rest.tests.GetCallBDD.hasSize(GetCallBDD.java:36)
at com.qa.rest.tests.GetCallBDD.hasSize(GetCallBDD.java:36)
at com.qa.rest.tests.GetCallBDD.hasSize(GetCallBDD.java:36)
at com.qa.rest.tests.GetCallBDD.hasSize(GetCallBDD.java:36)
at com.qa.rest.tests.GetCallBDD.hasSize(GetCallBDD.java:36)
at com.qa.rest.tests.GetCallBDD.hasSize(GetCallBDD.java:36)
at com.qa.rest.tests.GetCallBDD.hasSize(GetCallBDD.java:36)
at com.qa.rest.tests.GetCallBDD.hasSize(GetCallBDD.java:36)
at com.qa.rest.tests.GetCallBDD.hasSize(GetCallBDD.java:36)
at com.qa.rest.tests.GetCallBDD.hasSize(GetCallBDD.java:36)
at com.qa.rest.tests.GetCallBDD.hasSize(GetCallBDD.java:36)
at com.qa.rest.tests.GetCallBDD.hasSize(GetCallBDD.java:36)
at com.qa.rest.tests.GetCallBDD.hasSize(GetCallBDD.java:36)
at com.qa.rest.tests.GetCallBDD.hasSize(GetCallBDD.java:36)
at com.qa.rest.tests.GetCallBDD.hasSize(GetCallBDD.java:36)
at com.qa.rest.tests.GetCallBDD.hasSize(GetCallBDD.java:36)
at com.qa.rest.tests.GetCallBDD.hasSize(GetCallBDD.java:36)
at com.qa.rest.tests.GetCallBDD.hasSize(GetCallBDD.java:36)
at com.qa.rest.tests.GetCallBDD.hasSize(GetCallBDD.java:36)
at com.qa.rest.tests.GetCallBDD.hasSize(GetCallBDD.java:36)
at com.qa.rest.tests.GetCallBDD.hasSize(GetCallBDD.java:36)
at com.qa.rest.tests.GetCallBDD.hasSize(GetCallBDD.java:36)
at com.qa.rest.tests.GetCallBDD.hasSize(GetCallBDD.java:36)
at com.qa.rest.tests.GetCallBDD.hasSize(GetCallBDD.java:36)
at com.qa.rest.tests.GetCallBDD.hasSize(GetCallBDD.java:36)
at com.qa.rest.tests.GetCallBDD.hasSize(GetCallBDD.java:36)
at com.qa.rest.tests.GetCallBDD.hasSize(GetCallBDD.java:36)
at com.qa.rest.tests.GetCallBDD.hasSize(GetCallBDD.java:36)
at com.qa.rest.tests.GetCallBDD.hasSize(GetCallBDD.java:36)
at com.qa.rest.tests.GetCallBDD.hasSize(GetCallBDD.java:36)
at com.qa.rest.tests.GetCallBDD.hasSize(GetCallBDD.java:36)
at com.qa.rest.tests.GetCallBDD.hasSize(GetCallBDD.java:36)
at com.qa.rest.tests.GetCallBDD.hasSize(GetCallBDD.java:36)
at com.qa.rest.tests.GetCallBDD.hasSize(GetCallBDD.java:36)
at com.qa.rest.tests.GetCallBDD.hasSize(GetCallBDD.java:36)
at com.qa.rest.tests.GetCallBDD.hasSize(GetCallBDD.java:36)
at com.qa.rest.tests.GetCallBDD.hasSize(GetCallBDD.java:36)
at com.qa.rest.tests.GetCallBDD.hasSize(GetCallBDD.java:36)
at com.qa.rest.tests.GetCallBDD.hasSize(GetCallBDD.java:36)
at com.qa.rest.tests.GetCallBDD.hasSize(GetCallBDD.java:36)
at com.qa.rest.tests.GetCallBDD.hasSize(GetCallBDD.java:36)
at com.qa.rest.tests.GetCallBDD.hasSize(GetCallBDD.java:36)
at com.qa.rest.tests.GetCallBDD.hasSize(GetCallBDD.java:36)
at com.qa.rest.tests.GetCallBDD.hasSize(GetCallBDD.java:36)
at com.qa.rest.tests.GetCallBDD.hasSize(GetCallBDD.java:36)
at com.qa.rest.tests.GetCallBDD.hasSize(GetCallBDD.java:36)
at com.qa.rest.tests.GetCallBDD.hasSize(GetCallBDD.java:36)
at com.qa.rest.tests.GetCallBDD.hasSize(GetCallBDD.java:36)
at com.qa.rest.tests.GetCallBDD.hasSize(GetCallBDD.java:36)
at com.qa.rest.tests.GetCallBDD.hasSize(GetCallBDD.java:36)
at com.qa.rest.tests.GetCallBDD.hasSize(GetCallBDD.java:36)
at com.qa.rest.tests.GetCallBDD.hasSize(GetCallBDD.java:36)
at com.qa.rest.tests.GetCallBDD.hasSize(GetCallBDD.java:36)
at com.qa.rest.tests.GetCallBDD.hasSize(GetCallBDD.java:36)
at com.qa.rest.tests.GetCallBDD.hasSize(GetCallBDD.java:36)
at com.qa.rest.tests.GetCallBDD.hasSize(GetCallBDD.java:36)
at com.qa.rest.tests.GetCallBDD.hasSize(GetCallBDD.java:36)
at com.qa.rest.tests.GetCallBDD.hasSize(GetCallBDD.java:36)
at com.qa.rest.tests.GetCallBDD.hasSize(GetCallBDD.java:36)
at com.qa.rest.tests.GetCallBDD.hasSize(GetCallBDD.java:36)
at com.qa.rest.tests.GetCallBDD.hasSize(GetCallBDD.java:36)
at com.qa.rest.tests.GetCallBDD.hasSize(GetCallBDD.java:36)
at com.qa.rest.tests.GetCallBDD.hasSize(GetCallBDD.java:36)
at com.qa.rest.tests.GetCallBDD.hasSize(GetCallBDD.java:36)
at com.qa.rest.tests.GetCallBDD.hasSize(GetCallBDD.java:36)
at com.qa.rest.tests.GetCallBDD.hasSize(GetCallBDD.java:36)
at com.qa.rest.tests.GetCallBDD.hasSize(GetCallBDD.java:36)
at com.qa.rest.tests.GetCallBDD.hasSize(GetCallBDD.java:36)
at com.qa.rest.tests.GetCallBDD.hasSize(GetCallBDD.java:36)
at com.qa.rest.tests.GetCallBDD.hasSize(GetCallBDD.java:36)
at com.qa.rest.tests.GetCallBDD.hasSize(GetCallBDD.java:36)
at com.qa.rest.tests.GetCallBDD.hasSize(GetCallBDD.java:36)
at com.qa.rest.tests.GetCallBDD.hasSize(GetCallBDD.java:36)
at com.qa.rest.tests.GetCallBDD.hasSize(GetCallBDD.java:36)
at com.qa.rest.tests.GetCallBDD.hasSize(GetCallBDD.java:36)
at com.qa.rest.tests.GetCallBDD.hasSize(GetCallBDD.java:36)
at com.qa.rest.tests.GetCallBDD.hasSize(GetCallBDD.java:36)
at com.qa.rest.tests.GetCallBDD.hasSize(GetCallBDD.java:36)
at com.qa.rest.tests.GetCallBDD.hasSize(GetCallBDD.java:36)
at com.qa.rest.tests.GetCallBDD.hasSize(GetCallBDD.java:36)
at com.qa.rest.tests.GetCallBDD.hasSize(GetCallBDD.java:36)
at com.qa.rest.tests.GetCallBDD.hasSize(GetCallBDD.java:36)
at com.qa.rest.tests.GetCallBDD.hasSize(GetCallBDD.java:36)
at com.qa.rest.tests.GetCallBDD.hasSize(GetCallBDD.java:36)
at com.qa.rest.tests.GetCallBDD.hasSize(GetCallBDD.java:36)
at com.qa.rest.tests.GetCallBDD.hasSize(GetCallBDD.java:36)
at com.qa.rest.tests.GetCallBDD.hasSize(GetCallBDD.java:36)
at com.qa.rest.tests.GetCallBDD.hasSize(GetCallBDD.java:36)
at com.qa.rest.tests.GetCallBDD.hasSize(GetCallBDD.java:36)
at com.qa.rest.tests.GetCallBDD.hasSize(GetCallBDD.java:36)
at com.qa.rest.tests.GetCallBDD.hasSize(GetCallBDD.java:36)
at com.qa.rest.tests.GetCallBDD.hasSize(GetCallBDD.java:36)
at com.qa.rest.tests.GetCallBDD.hasSize(GetCallBDD.java:36)
at com.qa.rest.tests.GetCallBDD.hasSize(GetCallBDD.java:36)
at com.qa.rest.tests.GetCallBDD.hasSize(GetCallBDD.java:36)
at com.qa.rest.tests.GetCallBDD.hasSize(GetCallBDD.java:36)
at com.qa.rest.tests.GetCallBDD.hasSize(GetCallBDD.java:36)
at com.qa.rest.tests.GetCallBDD.hasSize(GetCallBDD.java:36)
at com.qa.rest.tests.GetCallBDD.hasSize(GetCallBDD.java:36)
at com.qa.rest.tests.GetCallBDD.hasSize(GetCallBDD.java:36)
at com.qa.rest.tests.GetCallBDD.hasSize(GetCallBDD.java:36)
at com.qa.rest.tests.GetCallBDD.hasSize(GetCallBDD.java:36)
at com.qa.rest.tests.GetCallBDD.hasSize(GetCallBDD.java:36)
at com.qa.rest.tests.GetCallBDD.hasSize(GetCallBDD.java:36)
at com.qa.rest.tests.GetCallBDD.hasSize(GetCallBDD.java:36)
at com.qa.rest.tests.GetCallBDD.hasSize(GetCallBDD.java:36)
at com.qa.rest.tests.GetCallBDD.hasSize(GetCallBDD.java:36)
at com.qa.rest.tests.GetCallBDD.hasSize(GetCallBDD.java:36)
at com.qa.rest.tests.GetCallBDD.hasSize(GetCallBDD.java:36)
at com.qa.rest.tests.GetCallBDD.hasSize(GetCallBDD.java:36)
at com.qa.rest.tests.GetCallBDD.hasSize(GetCallBDD.java:36)
at com.qa.rest.tests.GetCallBDD.hasSize(GetCallBDD.java:36)
at com.qa.rest.tests.GetCallBDD.hasSize(GetCallBDD.java:36)
at com.qa.rest.tests.GetCallBDD.hasSize(GetCallBDD.java:36)
at com.qa.rest.tests.GetCallBDD.hasSize(GetCallBDD.java:36)
at com.qa.rest.tests.GetCallBDD.hasSize(GetCallBDD.java:36)
at com.qa.rest.tests.GetCallBDD.hasSize(GetCallBDD.java:36)
at com.qa.rest.tests.GetCallBDD.hasSize(GetCallBDD.java:36)
at com.qa.rest.tests.GetCallBDD.hasSize(GetCallBDD.java:36)
at com.qa.rest.tests.GetCallBDD.hasSize(GetCallBDD.java:36)
at com.qa.rest.tests.GetCallBDD.hasSize(GetCallBDD.java:36)
at com.qa.rest.tests.GetCallBDD.hasSize(GetCallBDD.java:36)
at com.qa.rest.tests.GetCallBDD.hasSize(GetCallBDD.java:36)
at com.qa.rest.tests.GetCallBDD.hasSize(GetCallBDD.java:36)
at com.qa.rest.tests.GetCallBDD.hasSize(GetCallBDD.java:36)
at com.qa.rest.tests.GetCallBDD.hasSize(GetCallBDD.java:36)
at com.qa.rest.tests.GetCallBDD.hasSize(GetCallBDD.java:36)
at com.qa.rest.tests.GetCallBDD.hasSize(GetCallBDD.java:36)
at com.qa.rest.tests.GetCallBDD.hasSize(GetCallBDD.java:36)
at com.qa.rest.tests.GetCallBDD.hasSize(GetCallBDD.java:36)
at com.qa.rest.tests.GetCallBDD.hasSize(GetCallBDD.java:36)
at com.qa.rest.tests.GetCallBDD.hasSize(GetCallBDD.java:36)
at com.qa.rest.tests.GetCallBDD.hasSize(GetCallBDD.java:36)
at com.qa.rest.tests.GetCallBDD.hasSize(GetCallBDD.java:36)
at com.qa.rest.tests.GetCallBDD.hasSize(GetCallBDD.java:36)
at com.qa.rest.tests.GetCallBDD.hasSize(GetCallBDD.java:36)
at com.qa.rest.tests.GetCallBDD.hasSize(GetCallBDD.java:36)
at com.qa.rest.tests.GetCallBDD.hasSize(GetCallBDD.java:36)
at com.qa.rest.tests.GetCallBDD.hasSize(GetCallBDD.java:36)
at com.qa.rest.tests.GetCallBDD.hasSize(GetCallBDD.java:36)
at com.qa.rest.tests.GetCallBDD.hasSize(GetCallBDD.java:36)
at com.qa.rest.tests.GetCallBDD.hasSize(GetCallBDD.java:36)
at com.qa.rest.tests.GetCallBDD.hasSize(GetCallBDD.java:36)
at com.qa.rest.tests.GetCallBDD.hasSize(GetCallBDD.java:36)
at com.qa.rest.tests.GetCallBDD.hasSize(GetCallBDD.java:36)
at com.qa.rest.tests.GetCallBDD.hasSize(GetCallBDD.java:36)
at com.qa.rest.tests.GetCallBDD.hasSize(GetCallBDD.java:36)
at com.qa.rest.tests.GetCallBDD.hasSize(GetCallBDD.java:36)
at com.qa.rest.tests.GetCallBDD.hasSize(GetCallBDD.java:36)
at com.qa.rest.tests.GetCallBDD.hasSize(GetCallBDD.java:36)
at com.qa.rest.tests.GetCallBDD.hasSize(GetCallBDD.java:36)
at com.qa.rest.tests.GetCallBDD.hasSize(GetCallBDD.java:36)
at com.qa.rest.tests.GetCallBDD.hasSize(GetCallBDD.java:36)
at com.qa.rest.tests.GetCallBDD.hasSize(GetCallBDD.java:36)
at com.qa.rest.tests.GetCallBDD.hasSize(GetCallBDD.java:36)
at com.qa.rest.tests.GetCallBDD.hasSize(GetCallBDD.java:36)
at com.qa.rest.tests.GetCallBDD.hasSize(GetCallBDD.java:36)
at com.qa.rest.tests.GetCallBDD.hasSize(GetCallBDD.java:36)
at com.qa.rest.tests.GetCallBDD.hasSize(GetCallBDD.java:36)
at com.qa.rest.tests.GetCallBDD.hasSize(GetCallBDD.java:36)
at com.qa.rest.tests.GetCallBDD.hasSize(GetCallBDD.java:36)
at com.qa.rest.tests.GetCallBDD.hasSize(GetCallBDD.java:36)
at com.qa.rest.tests.GetCallBDD.hasSize(GetCallBDD.java:36)
at com.qa.rest.tests.GetCallBDD.hasSize(GetCallBDD.java:36)
at com.qa.rest.tests.GetCallBDD.hasSize(GetCallBDD.java:36)
at com.qa.rest.tests.GetCallBDD.hasSize(GetCallBDD.java:36)
at com.qa.rest.tests.GetCallBDD.hasSize(GetCallBDD.java:36)
at com.qa.rest.tests.GetCallBDD.hasSize(GetCallBDD.java:36)
at com.qa.rest.tests.GetCallBDD.hasSize(GetCallBDD.java:36)
at com.qa.rest.tests.GetCallBDD.hasSize(GetCallBDD.java:36)
at com.qa.rest.tests.GetCallBDD.hasSize(GetCallBDD.java:36)
at com.qa.rest.tests.GetCallBDD.hasSize(GetCallBDD.java:36)
at com.qa.rest.tests.GetCallBDD.hasSize(GetCallBDD.java:36)
at com.qa.rest.tests.GetCallBDD.hasSize(GetCallBDD.java:36)
at com.qa.rest.tests.GetCallBDD.hasSize(GetCallBDD.java:36)
at com.qa.rest.tests.GetCallBDD.hasSize(GetCallBDD.java:36)
at com.qa.rest.tests.GetCallBDD.hasSize(GetCallBDD.java:36)
at com.qa.rest.tests.GetCallBDD.hasSize(GetCallBDD.java:36)
at com.qa.rest.tests.GetCallBDD.hasSize(GetCallBDD.java:36)
at com.qa.rest.tests.GetCallBDD.hasSize(GetCallBDD.java:36)
at com.qa.rest.tests.GetCallBDD.hasSize(GetCallBDD.java:36)
at com.qa.rest.tests.GetCallBDD.hasSize(GetCallBDD.java:36)
at com.qa.rest.tests.GetCallBDD.hasSize(GetCallBDD.java:36)
at com.qa.rest.tests.GetCallBDD.hasSize(GetCallBDD.java:36)
at com.qa.rest.tests.GetCallBDD.hasSize(GetCallBDD.java:36)
at com.qa.rest.tests.GetCallBDD.hasSize(GetCallBDD.java:36)
at com.qa.rest.tests.GetCallBDD.hasSize(GetCallBDD.java:36)
at com.qa.rest.tests.GetCallBDD.hasSize(GetCallBDD.java:36)
at com.qa.rest.tests.GetCallBDD.hasSize(GetCallBDD.java:36)
at com.qa.rest.tests.GetCallBDD.hasSize(GetCallBDD.java:36)
at com.qa.rest.tests.GetCallBDD.hasSize(GetCallBDD.java:36)
at com.qa.rest.tests.GetCallBDD.hasSize(GetCallBDD.java:36)
at com.qa.rest.tests.GetCallBDD.hasSize(GetCallBDD.java:36)
at com.qa.rest.tests.GetCallBDD.hasSize(GetCallBDD.java:36)
at com.qa.rest.tests.GetCallBDD.hasSize(GetCallBDD.java:36)
at com.qa.rest.tests.GetCallBDD.hasSize(GetCallBDD.java:36)
at com.qa.rest.tests.GetCallBDD.hasSize(GetCallBDD.java:36)
at com.qa.rest.tests.GetCallBDD.hasSize(GetCallBDD.java:36)
at com.qa.rest.tests.GetCallBDD.hasSize(GetCallBDD.java:36)
at com.qa.rest.tests.GetCallBDD.hasSize(GetCallBDD.java:36)
at com.qa.rest.tests.GetCallBDD.hasSize(GetCallBDD.java:36)
at com.qa.rest.tests.GetCallBDD.hasSize(GetCallBDD.java:36)
at com.qa.rest.tests.GetCallBDD.hasSize(GetCallBDD.java:36)
at com.qa.rest.tests.GetCallBDD.hasSize(GetCallBDD.java:36)
at com.qa.rest.tests.GetCallBDD.hasSize(GetCallBDD.java:36)
at com.qa.rest.tests.GetCallBDD.hasSize(GetCallBDD.java:36)
at com.qa.rest.tests.GetCallBDD.hasSize(GetCallBDD.java:36)
at com.qa.rest.tests.GetCallBDD.hasSize(GetCallBDD.java:36)
at com.qa.rest.tests.GetCallBDD.hasSize(GetCallBDD.java:36)
at com.qa.rest.tests.GetCallBDD.hasSize(GetCallBDD.java:36)
at com.qa.rest.tests.GetCallBDD.hasSize(GetCallBDD.java:36)
at com.qa.rest.tests.GetCallBDD.hasSize(GetCallBDD.java:36)
at com.qa.rest.tests.GetCallBDD.hasSize(GetCallBDD.java:36)
at com.qa.rest.tests.GetCallBDD.hasSize(GetCallBDD.java:36)
at com.qa.rest.tests.GetCallBDD.hasSize(GetCallBDD.java:36)
at com.qa.rest.tests.GetCallBDD.hasSize(GetCallBDD.java:36)
at com.qa.rest.tests.GetCallBDD.hasSize(GetCallBDD.java:36)
at com.qa.rest.tests.GetCallBDD.hasSize(GetCallBDD.java:36)
at com.qa.rest.tests.GetCallBDD.hasSize(GetCallBDD.java:36)
at com.qa.rest.tests.GetCallBDD.hasSize(GetCallBDD.java:36)
at com.qa.rest.tests.GetCallBDD.hasSize(GetCallBDD.java:36)
at com.qa.rest.tests.GetCallBDD.hasSize(GetCallBDD.java:36)
at com.qa.rest.tests.GetCallBDD.hasSize(GetCallBDD.java:36)
at com.qa.rest.tests.GetCallBDD.hasSize(GetCallBDD.java:36)
at com.qa.rest.tests.GetCallBDD.hasSize(GetCallBDD.java:36)
at com.qa.rest.tests.GetCallBDD.hasSize(GetCallBDD.java:36)
at com.qa.rest.tests.GetCallBDD.hasSize(GetCallBDD.java:36)
at com.qa.rest.tests.GetCallBDD.hasSize(GetCallBDD.java:36)
at com.qa.rest.tests.GetCallBDD.hasSize(GetCallBDD.java:36)
at com.qa.rest.tests.GetCallBDD.hasSize(GetCallBDD.java:36)
at com.qa.rest.tests.GetCallBDD.hasSize(GetCallBDD.java:36)
at com.qa.rest.tests.GetCallBDD.hasSize(GetCallBDD.java:36)
at com.qa.rest.tests.GetCallBDD.hasSize(GetCallBDD.java:36)
at com.qa.rest.tests.GetCallBDD.hasSize(GetCallBDD.java:36)
at com.qa.rest.tests.GetCallBDD.hasSize(GetCallBDD.java:36)
at com.qa.rest.tests.GetCallBDD.hasSize(GetCallBDD.java:36)
at com.qa.rest.tests.GetCallBDD.hasSize(GetCallBDD.java:36)
at com.qa.rest.tests.GetCallBDD.hasSize(GetCallBDD.java:36)
at com.qa.rest.tests.GetCallBDD.hasSize(GetCallBDD.java:36)
at com.qa.rest.tests.GetCallBDD.hasSize(GetCallBDD.java:36)
at com.qa.rest.tests.GetCallBDD.hasSize(GetCallBDD.java:36)
at com.qa.rest.tests.GetCallBDD.hasSize(GetCallBDD.java:36)
at com.qa.rest.tests.GetCallBDD.hasSize(GetCallBDD.java:36)
at com.qa.rest.tests.GetCallBDD.hasSize(GetCallBDD.java:36)
at com.qa.rest.tests.GetCallBDD.hasSize(GetCallBDD.java:36)
at com.qa.rest.tests.GetCallBDD.hasSize(GetCallBDD.java:36)
at com.qa.rest.tests.GetCallBDD.hasSize(GetCallBDD.java:36)
at com.qa.rest.tests.GetCallBDD.hasSize(GetCallBDD.java:36)
at com.qa.rest.tests.GetCallBDD.hasSize(GetCallBDD.java:36)
at com.qa.rest.tests.GetCallBDD.hasSize(GetCallBDD.java:36)
at com.qa.rest.tests.GetCallBDD.hasSize(GetCallBDD.java:36)
at com.qa.rest.tests.GetCallBDD.hasSize(GetCallBDD.java:36)
at com.qa.rest.tests.GetCallBDD.hasSize(GetCallBDD.java:36)
at com.qa.rest.tests.GetCallBDD.hasSize(GetCallBDD.java:36)
at com.qa.rest.tests.GetCallBDD.hasSize(GetCallBDD.java:36)
at com.qa.rest.tests.GetCallBDD.hasSize(GetCallBDD.java:36)
at com.qa.rest.tests.GetCallBDD.hasSize(GetCallBDD.java:36)
at com.qa.rest.tests.GetCallBDD.hasSize(GetCallBDD.java:36)
at com.qa.rest.tests.GetCallBDD.hasSize(GetCallBDD.java:36)
at com.qa.rest.tests.GetCallBDD.hasSize(GetCallBDD.java:36)
at com.qa.rest.tests.GetCallBDD.hasSize(GetCallBDD.java:36)
at com.qa.rest.tests.GetCallBDD.hasSize(GetCallBDD.java:36)
at com.qa.rest.tests.GetCallBDD.hasSize(GetCallBDD.java:36)
at com.qa.rest.tests.GetCallBDD.hasSize(GetCallBDD.java:36)
at com.qa.rest.tests.GetCallBDD.hasSize(GetCallBDD.java:36)
at com.qa.rest.tests.GetCallBDD.hasSize(GetCallBDD.java:36)
at com.qa.rest.tests.GetCallBDD.hasSize(GetCallBDD.java:36)
at com.qa.rest.tests.GetCallBDD.hasSize(GetCallBDD.java:36)
at com.qa.rest.tests.GetCallBDD.hasSize(GetCallBDD.java:36)
at com.qa.rest.tests.GetCallBDD.hasSize(GetCallBDD.java:36)
at com.qa.rest.tests.GetCallBDD.hasSize(GetCallBDD.java:36)
at com.qa.rest.tests.GetCallBDD.hasSize(GetCallBDD.java:36)
at com.qa.rest.tests.GetCallBDD.hasSize(GetCallBDD.java:36)
at com.qa.rest.tests.GetCallBDD.hasSize(GetCallBDD.java:36)
at com.qa.rest.tests.GetCallBDD.hasSize(GetCallBDD.java:36)
at com.qa.rest.tests.GetCallBDD.hasSize(GetCallBDD.java:36)
at com.qa.rest.tests.GetCallBDD.hasSize(GetCallBDD.java:36)
at com.qa.rest.tests.GetCallBDD.hasSize(GetCallBDD.java:36)
at com.qa.rest.tests.GetCallBDD.hasSize(GetCallBDD.java:36)
at com.qa.rest.tests.GetCallBDD.hasSize(GetCallBDD.java:36)
at com.qa.rest.tests.GetCallBDD.hasSize(GetCallBDD.java:36)
at com.qa.rest.tests.GetCallBDD.hasSize(GetCallBDD.java:36)
at com.qa.rest.tests.GetCallBDD.hasSize(GetCallBDD.java:36)
at com.qa.rest.tests.GetCallBDD.hasSize(GetCallBDD.java:36)
at com.qa.rest.tests.GetCallBDD.hasSize(GetCallBDD.java:36)
at com.qa.rest.tests.GetCallBDD.hasSize(GetCallBDD.java:36)
at com.qa.rest.tests.GetCallBDD.hasSize(GetCallBDD.java:36)
at com.qa.rest.tests.GetCallBDD.hasSize(GetCallBDD.java:36)
at com.qa.rest.tests.GetCallBDD.hasSize(GetCallBDD.java:36)
at com.qa.rest.tests.GetCallBDD.hasSize(GetCallBDD.java:36)
at com.qa.rest.tests.GetCallBDD.hasSize(GetCallBDD.java:36)
at com.qa.rest.tests.GetCallBDD.hasSize(GetCallBDD.java:36)
at com.qa.rest.tests.GetCallBDD.hasSize(GetCallBDD.java:36)
at com.qa.rest.tests.GetCallBDD.hasSize(GetCallBDD.java:36)
at com.qa.rest.tests.GetCallBDD.hasSize(GetCallBDD.java:36)
at com.qa.rest.tests.GetCallBDD.hasSize(GetCallBDD.java:36)
at com.qa.rest.tests.GetCallBDD.hasSize(GetCallBDD.java:36)
at com.qa.rest.tests.GetCallBDD.hasSize(GetCallBDD.java:36)
at com.qa.rest.tests.GetCallBDD.hasSize(GetCallBDD.java:36)
at com.qa.rest.tests.GetCallBDD.hasSize(GetCallBDD.java:36)
at com.qa.rest.tests.GetCallBDD.hasSize(GetCallBDD.java:36)
at com.qa.rest.tests.GetCallBDD.hasSize(GetCallBDD.java:36)
at com.qa.rest.tests.GetCallBDD.hasSize(GetCallBDD.java:36)
at com.qa.rest.tests.GetCallBDD.hasSize(GetCallBDD.java:36)
at com.qa.rest.tests.GetCallBDD.hasSize(GetCallBDD.java:36)
at com.qa.rest.tests.GetCallBDD.hasSize(GetCallBDD.java:36)
at com.qa.rest.tests.GetCallBDD.hasSize(GetCallBDD.java:36)
at com.qa.rest.tests.GetCallBDD.hasSize(GetCallBDD.java:36)
at com.qa.rest.tests.GetCallBDD.hasSize(GetCallBDD.java:36)
at com.qa.rest.tests.GetCallBDD.hasSize(GetCallBDD.java:36)
at com.qa.rest.tests.GetCallBDD.hasSize(GetCallBDD.java:36)
at com.qa.rest.tests.GetCallBDD.hasSize(GetCallBDD.java:36)
at com.qa.rest.tests.GetCallBDD.hasSize(GetCallBDD.java:36)
at com.qa.rest.tests.GetCallBDD.hasSize(GetCallBDD.java:36)
at com.qa.rest.tests.GetCallBDD.hasSize(GetCallBDD.java:36)
at com.qa.rest.tests.GetCallBDD.hasSize(GetCallBDD.java:36)
at com.qa.rest.tests.GetCallBDD.hasSize(GetCallBDD.java:36)
at com.qa.rest.tests.GetCallBDD.hasSize(GetCallBDD.java:36)
at com.qa.rest.tests.GetCallBDD.hasSize(GetCallBDD.java:36)
at com.qa.rest.tests.GetCallBDD.hasSize(GetCallBDD.java:36)
at com.qa.rest.tests.GetCallBDD.hasSize(GetCallBDD.java:36)
at com.qa.rest.tests.GetCallBDD.hasSize(GetCallBDD.java:36)
at com.qa.rest.tests.GetCallBDD.hasSize(GetCallBDD.java:36)
at com.qa.rest.tests.GetCallBDD.hasSize(GetCallBDD.java:36)
at com.qa.rest.tests.GetCallBDD.hasSize(GetCallBDD.java:36)
at com.qa.rest.tests.GetCallBDD.hasSize(GetCallBDD.java:36)
at com.qa.rest.tests.GetCallBDD.hasSize(GetCallBDD.java:36)
at com.qa.rest.tests.GetCallBDD.hasSize(GetCallBDD.java:36)
at com.qa.rest.tests.GetCallBDD.hasSize(GetCallBDD.java:36)
at com.qa.rest.tests.GetCallBDD.hasSize(GetCallBDD.java:36)
at com.qa.rest.tests.GetCallBDD.hasSize(GetCallBDD.java:36)
at com.qa.rest.tests.GetCallBDD.hasSize(GetCallBDD.java:36)
at com.qa.rest.tests.GetCallBDD.hasSize(GetCallBDD.java:36)
at com.qa.rest.tests.GetCallBDD.hasSize(GetCallBDD.java:36)
at com.qa.rest.tests.GetCallBDD.hasSize(GetCallBDD.java:36)
at com.qa.rest.tests.GetCallBDD.hasSize(GetCallBDD.java:36)
at com.qa.rest.tests.GetCallBDD.hasSize(GetCallBDD.java:36)
at com.qa.rest.tests.GetCallBDD.hasSize(GetCallBDD.java:36)
at com.qa.rest.tests.GetCallBDD.hasSize(GetCallBDD.java:36)
at com.qa.rest.tests.GetCallBDD.hasSize(GetCallBDD.java:36)
at com.qa.rest.tests.GetCallBDD.hasSize(GetCallBDD.java:36)
at com.qa.rest.tests.GetCallBDD.hasSize(GetCallBDD.java:36)
at com.qa.rest.tests.GetCallBDD.hasSize(GetCallBDD.java:36)
at com.qa.rest.tests.GetCallBDD.hasSize(GetCallBDD.java:36)
at com.qa.rest.tests.GetCallBDD.hasSize(GetCallBDD.java:36)
at com.qa.rest.tests.GetCallBDD.hasSize(GetCallBDD.java:36)
at com.qa.rest.tests.GetCallBDD.hasSize(GetCallBDD.java:36)
at com.qa.rest.tests.GetCallBDD.hasSize(GetCallBDD.java:36)
at com.qa.rest.tests.GetCallBDD.hasSize(GetCallBDD.java:36)
at com.qa.rest.tests.GetCallBDD.hasSize(GetCallBDD.java:36)
at com.qa.rest.tests.GetCallBDD.hasSize(GetCallBDD.java:36)
at com.qa.rest.tests.GetCallBDD.hasSize(GetCallBDD.java:36)
at com.qa.rest.tests.GetCallBDD.hasSize(GetCallBDD.java:36)
at com.qa.rest.tests.GetCallBDD.hasSize(GetCallBDD.java:36)
at com.qa.rest.tests.GetCallBDD.hasSize(GetCallBDD.java:36)
at com.qa.rest.tests.GetCallBDD.hasSize(GetCallBDD.java:36)
at com.qa.rest.tests.GetCallBDD.hasSize(GetCallBDD.java:36)
at com.qa.rest.tests.GetCallBDD.hasSize(GetCallBDD.java:36)
at com.qa.rest.tests.GetCallBDD.hasSize(GetCallBDD.java:36)
at com.qa.rest.tests.GetCallBDD.hasSize(GetCallBDD.java:36)
at com.qa.rest.tests.GetCallBDD.hasSize(GetCallBDD.java:36)
at com.qa.rest.tests.GetCallBDD.hasSize(GetCallBDD.java:36)
at com.qa.rest.tests.GetCallBDD.hasSize(GetCallBDD.java:36)
at com.qa.rest.tests.GetCallBDD.hasSize(GetCallBDD.java:36)
at com.qa.rest.tests.GetCallBDD.hasSize(GetCallBDD.java:36)
at com.qa.rest.tests.GetCallBDD.hasSize(GetCallBDD.java:36)
at com.qa.rest.tests.GetCallBDD.hasSize(GetCallBDD.java:36)
at com.qa.rest.tests.GetCallBDD.hasSize(GetCallBDD.java:36)
at com.qa.rest.tests.GetCallBDD.hasSize(GetCallBDD.java:36)
at com.qa.rest.tests.GetCallBDD.hasSize(GetCallBDD.java:36)
at com.qa.rest.tests.GetCallBDD.hasSize(GetCallBDD.java:36)
at com.qa.rest.tests.GetCallBDD.hasSize(GetCallBDD.java:36)
at com.qa.rest.tests.GetCallBDD.hasSize(GetCallBDD.java:36)
at com.qa.rest.tests.GetCallBDD.hasSize(GetCallBDD.java:36)
at com.qa.rest.tests.GetCallBDD.hasSize(GetCallBDD.java:36)
at com.qa.rest.tests.GetCallBDD.hasSize(GetCallBDD.java:36)
at com.qa.rest.tests.GetCallBDD.hasSize(GetCallBDD.java:36)
at com.qa.rest.tests.GetCallBDD.hasSize(GetCallBDD.java:36)
at com.qa.rest.tests.GetCallBDD.hasSize(GetCallBDD.java:36)
at com.qa.rest.tests.GetCallBDD.hasSize(GetCallBDD.java:36)
at com.qa.rest.tests.GetCallBDD.hasSize(GetCallBDD.java:36)
at com.qa.rest.tests.GetCallBDD.hasSize(GetCallBDD.java:36)
at com.qa.rest.tests.GetCallBDD.hasSize(GetCallBDD.java:36)
at com.qa.rest.tests.GetCallBDD.hasSize(GetCallBDD.java:36)
at com.qa.rest.tests.GetCallBDD.hasSize(GetCallBDD.java:36)
at com.qa.rest.tests.GetCallBDD.hasSize(GetCallBDD.java:36)
at com.qa.rest.tests.GetCallBDD.hasSize(GetCallBDD.java:36)
at com.qa.rest.tests.GetCallBDD.hasSize(GetCallBDD.java:36)
at com.qa.rest.tests.GetCallBDD.hasSize(GetCallBDD.java:36)
at com.qa.rest.tests.GetCallBDD.hasSize(GetCallBDD.java:36)
at com.qa.rest.tests.GetCallBDD.hasSize(GetCallBDD.java:36)
at com.qa.rest.tests.GetCallBDD.hasSize(GetCallBDD.java:36)
at com.qa.rest.tests.GetCallBDD.hasSize(GetCallBDD.java:36)
at com.qa.rest.tests.GetCallBDD.hasSize(GetCallBDD.java:36)
at com.qa.rest.tests.GetCallBDD.hasSize(GetCallBDD.java:36)
at com.qa.rest.tests.GetCallBDD.hasSize(GetCallBDD.java:36)
at com.qa.rest.tests.GetCallBDD.hasSize(GetCallBDD.java:36)
at com.qa.rest.tests.GetCallBDD.hasSize(GetCallBDD.java:36)
at com.qa.rest.tests.GetCallBDD.hasSize(GetCallBDD.java:36)
at com.qa.rest.tests.GetCallBDD.hasSize(GetCallBDD.java:36)
at com.qa.rest.tests.GetCallBDD.hasSize(GetCallBDD.java:36)
at com.qa.rest.tests.GetCallBDD.hasSize(GetCallBDD.java:36)
at com.qa.rest.tests.GetCallBDD.hasSize(GetCallBDD.java:36)
at com.qa.rest.tests.GetCallBDD.hasSize(GetCallBDD.java:36)
at com.qa.rest.tests.GetCallBDD.hasSize(GetCallBDD.java:36)
at com.qa.rest.tests.GetCallBDD.hasSize(GetCallBDD.java:36)
at com.qa.rest.tests.GetCallBDD.hasSize(GetCallBDD.java:36)
at com.qa.rest.tests.GetCallBDD.hasSize(GetCallBDD.java:36)
at com.qa.rest.tests.GetCallBDD.hasSize(GetCallBDD.java:36)
at com.qa.rest.tests.GetCallBDD.hasSize(GetCallBDD.java:36)
at com.qa.rest.tests.GetCallBDD.hasSize(GetCallBDD.java:36)
at com.qa.rest.tests.GetCallBDD.hasSize(GetCallBDD.java:36)
at com.qa.rest.tests.GetCallBDD.hasSize(GetCallBDD.java:36)
at com.qa.rest.tests.GetCallBDD.hasSize(GetCallBDD.java:36)
at com.qa.rest.tests.GetCallBDD.hasSize(GetCallBDD.java:36)
at com.qa.rest.tests.GetCallBDD.hasSize(GetCallBDD.java:36)
at com.qa.rest.tests.GetCallBDD.hasSize(GetCallBDD.java:36)
at com.qa.rest.tests.GetCallBDD.hasSize(GetCallBDD.java:36)
at com.qa.rest.tests.GetCallBDD.hasSize(GetCallBDD.java:36)
at com.qa.rest.tests.GetCallBDD.hasSize(GetCallBDD.java:36)
at com.qa.rest.tests.GetCallBDD.hasSize(GetCallBDD.java:36)
at com.qa.rest.tests.GetCallBDD.hasSize(GetCallBDD.java:36)
at com.qa.rest.tests.GetCallBDD.hasSize(GetCallBDD.java:36)
at com.qa.rest.tests.GetCallBDD.hasSize(GetCallBDD.java:36)
at com.qa.rest.tests.GetCallBDD.hasSize(GetCallBDD.java:36)
at com.qa.rest.tests.GetCallBDD.hasSize(GetCallBDD.java:36)
at com.qa.rest.tests.GetCallBDD.hasSize(GetCallBDD.java:36)
at com.qa.rest.tests.GetCallBDD.hasSize(GetCallBDD.java:36)
at com.qa.rest.tests.GetCallBDD.hasSize(GetCallBDD.java:36)
at com.qa.rest.tests.GetCallBDD.hasSize(GetCallBDD.java:36)
at com.qa.rest.tests.GetCallBDD.hasSize(GetCallBDD.java:36)
at com.qa.rest.tests.GetCallBDD.hasSize(GetCallBDD.java:36)
at com.qa.rest.tests.GetCallBDD.hasSize(GetCallBDD.java:36)
at com.qa.rest.tests.GetCallBDD.hasSize(GetCallBDD.java:36)
at com.qa.rest.tests.GetCallBDD.hasSize(GetCallBDD.java:36)
at com.qa.rest.tests.GetCallBDD.hasSize(GetCallBDD.java:36)
at com.qa.rest.tests.GetCallBDD.hasSize(GetCallBDD.java:36)
at com.qa.rest.tests.GetCallBDD.hasSize(GetCallBDD.java:36)
at com.qa.rest.tests.GetCallBDD.hasSize(GetCallBDD.java:36)
at com.qa.rest.tests.GetCallBDD.hasSize(GetCallBDD.java:36)
at com.qa.rest.tests.GetCallBDD.hasSize(GetCallBDD.java:36)
at com.qa.rest.tests.GetCallBDD.hasSize(GetCallBDD.java:36)
at com.qa.rest.tests.GetCallBDD.hasSize(GetCallBDD.java:36)
at com.qa.rest.tests.GetCallBDD.hasSize(GetCallBDD.java:36)
at com.qa.rest.tests.GetCallBDD.hasSize(GetCallBDD.java:36)
at com.qa.rest.tests.GetCallBDD.hasSize(GetCallBDD.java:36)
at com.qa.rest.tests.GetCallBDD.hasSize(GetCallBDD.java:36)
at com.qa.rest.tests.GetCallBDD.hasSize(GetCallBDD.java:36)
at com.qa.rest.tests.GetCallBDD.hasSize(GetCallBDD.java:36)
at com.qa.rest.tests.GetCallBDD.hasSize(GetCallBDD.java:36)
at com.qa.rest.tests.GetCallBDD.hasSize(GetCallBDD.java:36)
at com.qa.rest.tests.GetCallBDD.hasSize(GetCallBDD.java:36)
at com.qa.rest.tests.GetCallBDD.hasSize(GetCallBDD.java:36)
at com.qa.rest.tests.GetCallBDD.hasSize(GetCallBDD.java:36)
at com.qa.rest.tests.GetCallBDD.hasSize(GetCallBDD.java:36)
at com.qa.rest.tests.GetCallBDD.hasSize(GetCallBDD.java:36)
at com.qa.rest.tests.GetCallBDD.hasSize(GetCallBDD.java:36)
at com.qa.rest.tests.GetCallBDD.hasSize(GetCallBDD.java:36)
at com.qa.rest.tests.GetCallBDD.hasSize(GetCallBDD.java:36)
at com.qa.rest.tests.GetCallBDD.hasSize(GetCallBDD.java:36)
at com.qa.rest.tests.GetCallBDD.hasSize(GetCallBDD.java:36)
at com.qa.rest.tests.GetCallBDD.hasSize(GetCallBDD.java:36)
at com.qa.rest.tests.GetCallBDD.hasSize(GetCallBDD.java:36)
at com.qa.rest.tests.GetCallBDD.hasSize(GetCallBDD.java:36)
at com.qa.rest.tests.GetCallBDD.hasSize(GetCallBDD.java:36)
at com.qa.rest.tests.GetCallBDD.hasSize(GetCallBDD.java:36)
at com.qa.rest.tests.GetCallBDD.hasSize(GetCallBDD.java:36)
at com.qa.rest.tests.GetCallBDD.hasSize(GetCallBDD.java:36)
at com.qa.rest.tests.GetCallBDD.hasSize(GetCallBDD.java:36)
at com.qa.rest.tests.GetCallBDD.hasSize(GetCallBDD.java:36)
at com.qa.rest.tests.GetCallBDD.hasSize(GetCallBDD.java:36)
at com.qa.rest.tests.GetCallBDD.hasSize(GetCallBDD.java:36)
at com.qa.rest.tests.GetCallBDD.hasSize(GetCallBDD.java:36)
at com.qa.rest.tests.GetCallBDD.hasSize(GetCallBDD.java:36)
at com.qa.rest.tests.GetCallBDD.hasSize(GetCallBDD.java:36)
at com.qa.rest.tests.GetCallBDD.hasSize(GetCallBDD.java:36)
at com.qa.rest.tests.GetCallBDD.hasSize(GetCallBDD.java:36)
at com.qa.rest.tests.GetCallBDD.hasSize(GetCallBDD.java:36)
at com.qa.rest.tests.GetCallBDD.hasSize(GetCallBDD.java:36)
at com.qa.rest.tests.GetCallBDD.hasSize(GetCallBDD.java:36)
at com.qa.rest.tests.GetCallBDD.hasSize(GetCallBDD.java:36)
at com.qa.rest.tests.GetCallBDD.hasSize(GetCallBDD.java:36)
at com.qa.rest.tests.GetCallBDD.hasSize(GetCallBDD.java:36)
at com.qa.rest.tests.GetCallBDD.hasSize(GetCallBDD.java:36)
at com.qa.rest.tests.GetCallBDD.hasSize(GetCallBDD.java:36)
at com.qa.rest.tests.GetCallBDD.hasSize(GetCallBDD.java:36)
at com.qa.rest.tests.GetCallBDD.hasSize(GetCallBDD.java:36)
at com.qa.rest.tests.GetCallBDD.hasSize(GetCallBDD.java:36)
at com.qa.rest.tests.GetCallBDD.hasSize(GetCallBDD.java:36)
at com.qa.rest.tests.GetCallBDD.hasSize(GetCallBDD.java:36)
at com.qa.rest.tests.GetCallBDD.hasSize(GetCallBDD.java:36)
at com.qa.rest.tests.GetCallBDD.hasSize(GetCallBDD.java:36)
at com.qa.rest.tests.GetCallBDD.hasSize(GetCallBDD.java:36)
at com.qa.rest.tests.GetCallBDD.hasSize(GetCallBDD.java:36)
at com.qa.rest.tests.GetCallBDD.hasSize(GetCallBDD.java:36)
at com.qa.rest.tests.GetCallBDD.hasSize(GetCallBDD.java:36)
at com.qa.rest.tests.GetCallBDD.hasSize(GetCallBDD.java:36)
at com.qa.rest.tests.GetCallBDD.hasSize(GetCallBDD.java:36)
at com.qa.rest.tests.GetCallBDD.hasSize(GetCallBDD.java:36)
at com.qa.rest.tests.GetCallBDD.hasSize(GetCallBDD.java:36)
at com.qa.rest.tests.GetCallBDD.hasSize(GetCallBDD.java:36)
at com.qa.rest.tests.GetCallBDD.hasSize(GetCallBDD.java:36)
at com.qa.rest.tests.GetCallBDD.hasSize(GetCallBDD.java:36)
at com.qa.rest.tests.GetCallBDD.hasSize(GetCallBDD.java:36)
at com.qa.rest.tests.GetCallBDD.hasSize(GetCallBDD.java:36)
at com.qa.rest.tests.GetCallBDD.hasSize(GetCallBDD.java:36)
at com.qa.rest.tests.GetCallBDD.hasSize(GetCallBDD.java:36)
at com.qa.rest.tests.GetCallBDD.hasSize(GetCallBDD.java:36)
at com.qa.rest.tests.GetCallBDD.hasSize(GetCallBDD.java:36)
at com.qa.rest.tests.GetCallBDD.hasSize(GetCallBDD.java:36)
at com.qa.rest.tests.GetCallBDD.hasSize(GetCallBDD.java:36)
at com.qa.rest.tests.GetCallBDD.hasSize(GetCallBDD.java:36)
at com.qa.rest.tests.GetCallBDD.hasSize(GetCallBDD.java:36)
at com.qa.rest.tests.GetCallBDD.hasSize(GetCallBDD.java:36)
at com.qa.rest.tests.GetCallBDD.hasSize(GetCallBDD.java:36)
at com.qa.rest.tests.GetCallBDD.hasSize(GetCallBDD.java:36)
at com.qa.rest.tests.GetCallBDD.hasSize(GetCallBDD.java:36)
at com.qa.rest.tests.GetCallBDD.hasSize(GetCallBDD.java:36)
at com.qa.rest.tests.GetCallBDD.hasSize(GetCallBDD.java:36)
at com.qa.rest.tests.GetCallBDD.hasSize(GetCallBDD.java:36)
at com.qa.rest.tests.GetCallBDD.hasSize(GetCallBDD.java:36)
at com.qa.rest.tests.GetCallBDD.hasSize(GetCallBDD.java:36)
at com.qa.rest.tests.GetCallBDD.hasSize(GetCallBDD.java:36)
at com.qa.rest.tests.GetCallBDD.hasSize(GetCallBDD.java:36)
at com.qa.rest.tests.GetCallBDD.hasSize(GetCallBDD.java:36)
at com.qa.rest.tests.GetCallBDD.hasSize(GetCallBDD.java:36)
at com.qa.rest.tests.GetCallBDD.hasSize(GetCallBDD.java:36)
at com.qa.rest.tests.GetCallBDD.hasSize(GetCallBDD.java:36)
at com.qa.rest.tests.GetCallBDD.hasSize(GetCallBDD.java:36)
at com.qa.rest.tests.GetCallBDD.hasSize(GetCallBDD.java:36)
at com.qa.rest.tests.GetCallBDD.hasSize(GetCallBDD.java:36)
at com.qa.rest.tests.GetCallBDD.hasSize(GetCallBDD.java:36)
at com.qa.rest.tests.GetCallBDD.hasSize(GetCallBDD.java:36)
at com.qa.rest.tests.GetCallBDD.hasSize(GetCallBDD.java:36)
at com.qa.rest.tests.GetCallBDD.hasSize(GetCallBDD.java:36)
at com.qa.rest.tests.GetCallBDD.hasSize(GetCallBDD.java:36)
at com.qa.rest.tests.GetCallBDD.hasSize(GetCallBDD.java:36)
at com.qa.rest.tests.GetCallBDD.hasSize(GetCallBDD.java:36)
at com.qa.rest.tests.GetCallBDD.hasSize(GetCallBDD.java:36)
at com.qa.rest.tests.GetCallBDD.hasSize(GetCallBDD.java:36)
at com.qa.rest.tests.GetCallBDD.hasSize(GetCallBDD.java:36)
at com.qa.rest.tests.GetCallBDD.hasSize(GetCallBDD.java:36)
at com.qa.rest.tests.GetCallBDD.hasSize(GetCallBDD.java:36)
at com.qa.rest.tests.GetCallBDD.hasSize(GetCallBDD.java:36)
at com.qa.rest.tests.GetCallBDD.hasSize(GetCallBDD.java:36)
at com.qa.rest.tests.GetCallBDD.hasSize(GetCallBDD.java:36)
at com.qa.rest.tests.GetCallBDD.hasSize(GetCallBDD.java:36)
at com.qa.rest.tests.GetCallBDD.hasSize(GetCallBDD.java:36)
at com.qa.rest.tests.GetCallBDD.hasSize(GetCallBDD.java:36)
at com.qa.rest.tests.GetCallBDD.hasSize(GetCallBDD.java:36)
at com.qa.rest.tests.GetCallBDD.hasSize(GetCallBDD.java:36)
at com.qa.rest.tests.GetCallBDD.hasSize(GetCallBDD.java:36)
at com.qa.rest.tests.GetCallBDD.hasSize(GetCallBDD.java:36)
at com.qa.rest.tests.GetCallBDD.hasSize(GetCallBDD.java:36)
at com.qa.rest.tests.GetCallBDD.hasSize(GetCallBDD.java:36)
at com.qa.rest.tests.GetCallBDD.hasSize(GetCallBDD.java:36)
at com.qa.rest.tests.GetCallBDD.hasSize(GetCallBDD.java:36)
at com.qa.rest.tests.GetCallBDD.hasSize(GetCallBDD.java:36)
at com.qa.rest.tests.GetCallBDD.hasSize(GetCallBDD.java:36)
at com.qa.rest.tests.GetCallBDD.hasSize(GetCallBDD.java:36)
at com.qa.rest.tests.GetCallBDD.hasSize(GetCallBDD.java:36)
at com.qa.rest.tests.GetCallBDD.hasSize(GetCallBDD.java:36)
at com.qa.rest.tests.GetCallBDD.hasSize(GetCallBDD.java:36)
at com.qa.rest.tests.GetCallBDD.hasSize(GetCallBDD.java:36)
at com.qa.rest.tests.GetCallBDD.hasSize(GetCallBDD.java:36)
at com.qa.rest.tests.GetCallBDD.hasSize(GetCallBDD.java:36)
at com.qa.rest.tests.GetCallBDD.hasSize(GetCallBDD.java:36)
at com.qa.rest.tests.GetCallBDD.hasSize(GetCallBDD.java:36)
at com.qa.rest.tests.GetCallBDD.hasSize(GetCallBDD.java:36)
at com.qa.rest.tests.GetCallBDD.hasSize(GetCallBDD.java:36)
at com.qa.rest.tests.GetCallBDD.hasSize(GetCallBDD.java:36)
at com.qa.rest.tests.GetCallBDD.hasSize(GetCallBDD.java:36)
at com.qa.rest.tests.GetCallBDD.hasSize(GetCallBDD.java:36)
at com.qa.rest.tests.GetCallBDD.hasSize(GetCallBDD.java:36)
at com.qa.rest.tests.GetCallBDD.hasSize(GetCallBDD.java:36)
at com.qa.rest.tests.GetCallBDD.hasSize(GetCallBDD.java:36)
at com.qa.rest.tests.GetCallBDD.hasSize(GetCallBDD.java:36)
at com.qa.rest.tests.GetCallBDD.hasSize(GetCallBDD.java:36)
at com.qa.rest.tests.GetCallBDD.hasSize(GetCallBDD.java:36)
at com.qa.rest.tests.GetCallBDD.hasSize(GetCallBDD.java:36)
at com.qa.rest.tests.GetCallBDD.hasSize(GetCallBDD.java:36)
at com.qa.rest.tests.GetCallBDD.hasSize(GetCallBDD.java:36)
at com.qa.rest.tests.GetCallBDD.hasSize(GetCallBDD.java:36)
at com.qa.rest.tests.GetCallBDD.hasSize(GetCallBDD.java:36)
at com.qa.rest.tests.GetCallBDD.hasSize(GetCallBDD.java:36)
at com.qa.rest.tests.GetCallBDD.hasSize(GetCallBDD.java:36)
at com.qa.rest.tests.GetCallBDD.hasSize(GetCallBDD.java:36)
at com.qa.rest.tests.GetCallBDD.hasSize(GetCallBDD.java:36)
at com.qa.rest.tests.GetCallBDD.hasSize(GetCallBDD.java:36)
at com.qa.rest.tests.GetCallBDD.hasSize(GetCallBDD.java:36)
at com.qa.rest.tests.GetCallBDD.hasSize(GetCallBDD.java:36)
at com.qa.rest.tests.GetCallBDD.hasSize(GetCallBDD.java:36)
at com.qa.rest.tests.GetCallBDD.hasSize(GetCallBDD.java:36)
at com.qa.rest.tests.GetCallBDD.hasSize(GetCallBDD.java:36)
at com.qa.rest.tests.GetCallBDD.hasSize(GetCallBDD.java:36)
at com.qa.rest.tests.GetCallBDD.hasSize(GetCallBDD.java:36)
at com.qa.rest.tests.GetCallBDD.hasSize(GetCallBDD.java:36)
at com.qa.rest.tests.GetCallBDD.hasSize(GetCallBDD.java:36)
at com.qa.rest.tests.GetCallBDD.hasSize(GetCallBDD.java:36)
at com.qa.rest.tests.GetCallBDD.hasSize(GetCallBDD.java:36)
at com.qa.rest.tests.GetCallBDD.hasSize(GetCallBDD.java:36)
at com.qa.rest.tests.GetCallBDD.hasSize(GetCallBDD.java:36)
at com.qa.rest.tests.GetCallBDD.hasSize(GetCallBDD.java:36)
at com.qa.rest.tests.GetCallBDD.hasSize(GetCallBDD.java:36)
at com.qa.rest.tests.GetCallBDD.hasSize(GetCallBDD.java:36)
at com.qa.rest.tests.GetCallBDD.hasSize(GetCallBDD.java:36)
at com.qa.rest.tests.GetCallBDD.hasSize(GetCallBDD.java:36)
at com.qa.rest.tests.GetCallBDD.hasSize(GetCallBDD.java:36)
at com.qa.rest.tests.GetCallBDD.hasSize(GetCallBDD.java:36)
at com.qa.rest.tests.GetCallBDD.hasSize(GetCallBDD.java:36)
at com.qa.rest.tests.GetCallBDD.hasSize(GetCallBDD.java:36)
at com.qa.rest.tests.GetCallBDD.hasSize(GetCallBDD.java:36)
at com.qa.rest.tests.GetCallBDD.hasSize(GetCallBDD.java:36)
at com.qa.rest.tests.GetCallBDD.hasSize(GetCallBDD.java:36)
at com.qa.rest.tests.GetCallBDD.hasSize(GetCallBDD.java:36)
at com.qa.rest.tests.GetCallBDD.hasSize(GetCallBDD.java:36)
at com.qa.rest.tests.GetCallBDD.hasSize(GetCallBDD.java:36)
at com.qa.rest.tests.GetCallBDD.hasSize(GetCallBDD.java:36)
at com.qa.rest.tests.GetCallBDD.hasSize(GetCallBDD.java:36)
at com.qa.rest.tests.GetCallBDD.hasSize(GetCallBDD.java:36)
at com.qa.rest.tests.GetCallBDD.hasSize(GetCallBDD.java:36)
at com.qa.rest.tests.GetCallBDD.hasSize(GetCallBDD.java:36)
at com.qa.rest.tests.GetCallBDD.hasSize(GetCallBDD.java:36)
at com.qa.rest.tests.GetCallBDD.hasSize(GetCallBDD.java:36)
at com.qa.rest.tests.GetCallBDD.hasSize(GetCallBDD.java:36)
at com.qa.rest.tests.GetCallBDD.hasSize(GetCallBDD.java:36)
at com.qa.rest.tests.GetCallBDD.hasSize(GetCallBDD.java:36)
at com.qa.rest.tests.GetCallBDD.hasSize(GetCallBDD.java:36)
at com.qa.rest.tests.GetCallBDD.hasSize(GetCallBDD.java:36)
]]>
            </full-stacktrace>
          </exception> <!-- java.lang.StackOverflowError -->
          <reporter-output>
          </reporter-output>
        </test-method> <!-- test_numberOFCircutitsFor2017_Season -->
      </class> <!-- com.qa.rest.tests.GetCallBDD -->
    </test> <!-- Default test -->
  </suite> <!-- Default suite -->
</testng-results>
